{"numFailedTestSuites":0,"numFailedTests":0,"numPassedTestSuites":1,"numPassedTests":45,"numPendingTestSuites":0,"numPendingTests":0,"numRuntimeErrorTestSuites":0,"numTotalTestSuites":1,"numTotalTests":45,"snapshot":{"added":0,"didUpdate":false,"failure":false,"filesAdded":0,"filesRemoved":0,"filesUnmatched":0,"filesUpdated":0,"matched":45,"total":45,"unchecked":0,"uncheckedKeys":[],"unmatched":0,"updated":0},"startTime":1539963742999,"success":true,"testResults":[{"assertionResults":[{"ancestorTitles":["Storyshots","Docs"],"failureMessages":[],"fullName":"Storyshots Docs README.md","location":null,"status":"passed","title":"README.md"},{"ancestorTitles":["Storyshots","Docs"],"failureMessages":[],"fullName":"Storyshots Docs CHANGELOG.md","location":null,"status":"passed","title":"CHANGELOG.md"},{"ancestorTitles":["Storyshots","QueryBuilder/Examples"],"failureMessages":[],"fullName":"Storyshots QueryBuilder/Examples One Filter","location":null,"status":"passed","title":"One Filter"},{"ancestorTitles":["Storyshots","QueryBuilder/Examples"],"failureMessages":[],"fullName":"Storyshots QueryBuilder/Examples One Filter with fields","location":null,"status":"passed","title":"One Filter with fields"},{"ancestorTitles":["Storyshots","QueryBuilder/Examples"],"failureMessages":[],"fullName":"Storyshots QueryBuilder/Examples One Filter with facet options","location":null,"status":"passed","title":"One Filter with facet options"},{"ancestorTitles":["Storyshots","QueryBuilder/Examples"],"failureMessages":[],"fullName":"Storyshots QueryBuilder/Examples One Filter on a misplaced root","location":null,"status":"passed","title":"One Filter on a misplaced root"},{"ancestorTitles":["Storyshots","QueryBuilder/Examples"],"failureMessages":[],"fullName":"Storyshots QueryBuilder/Examples Multiple Filters","location":null,"status":"passed","title":"Multiple Filters"},{"ancestorTitles":["Storyshots","QueryBuilder/Internals/OperatorMenu"],"failureMessages":[],"fullName":"Storyshots QueryBuilder/Internals/OperatorMenu OperatorMenu","location":null,"status":"passed","title":"OperatorMenu"},{"ancestorTitles":["Storyshots","QueryBuilder/Internals/Operator"],"failureMessages":[],"fullName":"Storyshots QueryBuilder/Internals/Operator and","location":null,"status":"passed","title":"and"},{"ancestorTitles":["Storyshots","QueryBuilder/Internals/Operator"],"failureMessages":[],"fullName":"Storyshots QueryBuilder/Internals/Operator or","location":null,"status":"passed","title":"or"},{"ancestorTitles":["Storyshots","QueryBuilder/Internals/Operator"],"failureMessages":[],"fullName":"Storyshots QueryBuilder/Internals/Operator not","location":null,"status":"passed","title":"not"},{"ancestorTitles":["Storyshots","QueryBuilder/Internals/Operator"],"failureMessages":[],"fullName":"Storyshots QueryBuilder/Internals/Operator first and","location":null,"status":"passed","title":"first and"},{"ancestorTitles":["Storyshots","QueryBuilder/Internals/Operator"],"failureMessages":[],"fullName":"Storyshots QueryBuilder/Internals/Operator first or","location":null,"status":"passed","title":"first or"},{"ancestorTitles":["Storyshots","QueryBuilder/Internals/Operator"],"failureMessages":[],"fullName":"Storyshots QueryBuilder/Internals/Operator first not","location":null,"status":"passed","title":"first not"},{"ancestorTitles":["Storyshots","QueryBuilder/Internals/AddPreview"],"failureMessages":[],"fullName":"Storyshots QueryBuilder/Internals/AddPreview and","location":null,"status":"passed","title":"and"},{"ancestorTitles":["Storyshots","QueryBuilder/Internals/AddPreview"],"failureMessages":[],"fullName":"Storyshots QueryBuilder/Internals/AddPreview or","location":null,"status":"passed","title":"or"},{"ancestorTitles":["Storyshots","QueryBuilder/Internals/AddPreview"],"failureMessages":[],"fullName":"Storyshots QueryBuilder/Internals/AddPreview not","location":null,"status":"passed","title":"not"},{"ancestorTitles":["Storyshots","QueryBuilder/Internals/Indentable"],"failureMessages":[],"fullName":"Storyshots QueryBuilder/Internals/Indentable and","location":null,"status":"passed","title":"and"},{"ancestorTitles":["Storyshots","QueryBuilder/Internals/Indentable"],"failureMessages":[],"fullName":"Storyshots QueryBuilder/Internals/Indentable or","location":null,"status":"passed","title":"or"},{"ancestorTitles":["Storyshots","QueryBuilder/Internals/Indentable"],"failureMessages":[],"fullName":"Storyshots QueryBuilder/Internals/Indentable not","location":null,"status":"passed","title":"not"},{"ancestorTitles":["Storyshots","QueryBuilder/Internals/FilterContents"],"failureMessages":[],"fullName":"Storyshots QueryBuilder/Internals/FilterContents FilterContents","location":null,"status":"passed","title":"FilterContents"},{"ancestorTitles":["Storyshots","QueryBuilder/Internals/Rule"],"failureMessages":[],"fullName":"Storyshots QueryBuilder/Internals/Rule index","location":null,"status":"passed","title":"index"},{"ancestorTitles":["Storyshots","QueryBuilder/Internals/Group"],"failureMessages":[],"fullName":"Storyshots QueryBuilder/Internals/Group One Filter","location":null,"status":"passed","title":"One Filter"},{"ancestorTitles":["Storyshots","QueryBuilder/Internals/Group"],"failureMessages":[],"fullName":"Storyshots QueryBuilder/Internals/Group Multiple Filters","location":null,"status":"passed","title":"Multiple Filters"},{"ancestorTitles":["Storyshots","Example Types"],"failureMessages":[],"fullName":"Storyshots Example Types Full Demo","location":null,"status":"passed","title":"Full Demo"},{"ancestorTitles":["Storyshots","Example Types"],"failureMessages":[],"fullName":"Storyshots Example Types Geo filter & HERE maps","location":null,"status":"passed","title":"Geo filter & HERE maps"},{"ancestorTitles":["Storyshots","Example Types"],"failureMessages":[],"fullName":"Storyshots Example Types ResultTable Customizations","location":null,"status":"passed","title":"ResultTable Customizations"},{"ancestorTitles":["Storyshots","Example Types"],"failureMessages":[],"fullName":"Storyshots Example Types ResultTable Display Field Optional","location":null,"status":"passed","title":"ResultTable Display Field Optional"},{"ancestorTitles":["Storyshots","FilterList"],"failureMessages":[],"fullName":"Storyshots FilterList Example","location":null,"status":"passed","title":"Example"},{"ancestorTitles":["Storyshots","FilterAdder"],"failureMessages":[],"fullName":"Storyshots FilterAdder Example","location":null,"status":"passed","title":"Example"},{"ancestorTitles":["Storyshots","FilterAdder"],"failureMessages":[],"fullName":"Storyshots FilterAdder With FilteredPickerModal","location":null,"status":"passed","title":"With FilteredPickerModal"},{"ancestorTitles":["Storyshots","Layout"],"failureMessages":[],"fullName":"Storyshots Layout Popover","location":null,"status":"passed","title":"Popover"},{"ancestorTitles":["Storyshots","Layout"],"failureMessages":[],"fullName":"Storyshots Layout Modal","location":null,"status":"passed","title":"Modal"},{"ancestorTitles":["Storyshots","Layout"],"failureMessages":[],"fullName":"Storyshots Layout Highlight","location":null,"status":"passed","title":"Highlight"},{"ancestorTitles":["Storyshots","Layout"],"failureMessages":[],"fullName":"Storyshots Layout Awaiter","location":null,"status":"passed","title":"Awaiter"},{"ancestorTitles":["Storyshots","Layout"],"failureMessages":[],"fullName":"Storyshots Layout FilteredPicker","location":null,"status":"passed","title":"FilteredPicker"},{"ancestorTitles":["Storyshots","Layout"],"failureMessages":[],"fullName":"Storyshots Layout ModalPicker","location":null,"status":"passed","title":"ModalPicker"},{"ancestorTitles":["Storyshots","IMDB"],"failureMessages":[],"fullName":"Storyshots IMDB Advanced Search","location":null,"status":"passed","title":"Advanced Search"},{"ancestorTitles":["Storyshots","IMDB"],"failureMessages":[],"fullName":"Storyshots IMDB Quick Start","location":null,"status":"passed","title":"Quick Start"},{"ancestorTitles":["Storyshots","IMDB"],"failureMessages":[],"fullName":"Storyshots IMDB Check List","location":null,"status":"passed","title":"Check List"},{"ancestorTitles":["Storyshots","IMDB"],"failureMessages":[],"fullName":"Storyshots IMDB Filter List","location":null,"status":"passed","title":"Filter List"},{"ancestorTitles":["Storyshots","IMDB"],"failureMessages":[],"fullName":"Storyshots IMDB Search Button","location":null,"status":"passed","title":"Search Button"},{"ancestorTitles":["Storyshots","IMDB"],"failureMessages":[],"fullName":"Storyshots IMDB Grey Vest Theme","location":null,"status":"passed","title":"Grey Vest Theme"},{"ancestorTitles":["Storyshots","Index Explorer"],"failureMessages":[],"fullName":"Storyshots Index Explorer Advanced Search","location":null,"status":"passed","title":"Advanced Search"},{"ancestorTitles":["Storyshots","Index Explorer"],"failureMessages":[],"fullName":"Storyshots Index Explorer Basic Search","location":null,"status":"passed","title":"Basic Search"}],"endTime":1539963748267,"message":"","name":"/home/sadasant/code/github.com/smartprocure/contexture-react/__tests__/Snaphot.js","startTime":1539963743718,"status":"passed","summary":""}],"wasInterrupted":false,"coverageMap":{"/home/sadasant/code/github.com/smartprocure/contexture-react/stories/index.js":{"path":"/home/sadasant/code/github.com/smartprocure/contexture-react/stories/index.js","statementMap":{"0":{"start":{"line":4,"column":0},"end":{"line":16,"column":3}},"1":{"start":{"line":8,"column":12},"end":{"line":8,"column":16}},"2":{"start":{"line":14,"column":12},"end":{"line":14,"column":16}},"3":{"start":{"line":18,"column":0},"end":{"line":18,"column":44}},"4":{"start":{"line":19,"column":0},"end":{"line":19,"column":46}},"5":{"start":{"line":20,"column":0},"end":{"line":20,"column":36}},"6":{"start":{"line":21,"column":0},"end":{"line":21,"column":33}},"7":{"start":{"line":22,"column":0},"end":{"line":22,"column":34}},"8":{"start":{"line":23,"column":0},"end":{"line":23,"column":29}},"9":{"start":{"line":24,"column":0},"end":{"line":24,"column":36}},"10":{"start":{"line":25,"column":0},"end":{"line":25,"column":32}}},"fnMap":{"0":{"name":"(anonymous_0)","decl":{"start":{"line":8,"column":6},"end":{"line":8,"column":7}},"loc":{"start":{"line":8,"column":12},"end":{"line":8,"column":16}},"line":8},"1":{"name":"(anonymous_1)","decl":{"start":{"line":14,"column":6},"end":{"line":14,"column":7}},"loc":{"start":{"line":14,"column":12},"end":{"line":14,"column":16}},"line":14}},"branchMap":{},"s":{"0":1,"1":1,"2":1,"3":1,"4":1,"5":1,"6":1,"7":1,"8":1,"9":1,"10":1},"f":{"0":1,"1":1},"b":{},"_coverageSchema":"332fd63041d2c1bcb487cc26dd0d5f7d97098a6c","hash":"f8d0cc42652ce118a6659fb28d1036ef46c8b41f"},"/home/sadasant/code/github.com/smartprocure/contexture-react/stories/queryBuilder/examples.js":{"path":"/home/sadasant/code/github.com/smartprocure/contexture-react/stories/queryBuilder/examples.js","statementMap":{"0":{"start":{"line":7,"column":18},"end":{"line":7,"column":30}},"1":{"start":{"line":9,"column":13},"end":{"line":13,"column":2}},"2":{"start":{"line":15,"column":11},"end":{"line":15,"column":41}},"3":{"start":{"line":15,"column":27},"end":{"line":15,"column":40}},"4":{"start":{"line":18,"column":2},"end":{"line":151,"column":6}},"5":{"start":{"line":20,"column":6},"end":{"line":28,"column":8}},"6":{"start":{"line":31,"column":6},"end":{"line":51,"column":8}},"7":{"start":{"line":54,"column":6},"end":{"line":80,"column":8}},"8":{"start":{"line":83,"column":6},"end":{"line":97,"column":8}},"9":{"start":{"line":100,"column":6},"end":{"line":150,"column":8}}},"fnMap":{"0":{"name":"(anonymous_0)","decl":{"start":{"line":15,"column":11},"end":{"line":15,"column":12}},"loc":{"start":{"line":15,"column":27},"end":{"line":15,"column":40}},"line":15},"1":{"name":"(anonymous_1)","decl":{"start":{"line":17,"column":15},"end":{"line":17,"column":16}},"loc":{"start":{"line":18,"column":2},"end":{"line":151,"column":6}},"line":18},"2":{"name":"(anonymous_2)","decl":{"start":{"line":19,"column":30},"end":{"line":19,"column":31}},"loc":{"start":{"line":20,"column":6},"end":{"line":28,"column":8}},"line":20},"3":{"name":"(anonymous_3)","decl":{"start":{"line":30,"column":42},"end":{"line":30,"column":43}},"loc":{"start":{"line":31,"column":6},"end":{"line":51,"column":8}},"line":31},"4":{"name":"(anonymous_4)","decl":{"start":{"line":53,"column":49},"end":{"line":53,"column":50}},"loc":{"start":{"line":54,"column":6},"end":{"line":80,"column":8}},"line":54},"5":{"name":"(anonymous_5)","decl":{"start":{"line":82,"column":50},"end":{"line":82,"column":51}},"loc":{"start":{"line":83,"column":6},"end":{"line":97,"column":8}},"line":83},"6":{"name":"(anonymous_6)","decl":{"start":{"line":99,"column":36},"end":{"line":99,"column":37}},"loc":{"start":{"line":100,"column":6},"end":{"line":150,"column":8}},"line":100}},"branchMap":{},"s":{"0":1,"1":1,"2":1,"3":11,"4":1,"5":1,"6":1,"7":1,"8":1,"9":1},"f":{"0":11,"1":1,"2":1,"3":1,"4":1,"5":1,"6":1},"b":{},"_coverageSchema":"332fd63041d2c1bcb487cc26dd0d5f7d97098a6c","hash":"49b6660b8aaaaf4d867c7702f95f06dd6e1f0bdb"},"/home/sadasant/code/github.com/smartprocure/contexture-react/src/utils/contexture-mobx.js":{"path":"/home/sadasant/code/github.com/smartprocure/contexture-react/src/utils/contexture-mobx.js","statementMap":{"0":{"start":{"line":7,"column":2},"end":{"line":21,"column":3}},"1":{"start":{"line":16,"column":6},"end":{"line":16,"column":57}},"2":{"start":{"line":16,"column":29},"end":{"line":16,"column":56}}},"fnMap":{"0":{"name":"(anonymous_0)","decl":{"start":{"line":6,"column":15},"end":{"line":6,"column":16}},"loc":{"start":{"line":7,"column":2},"end":{"line":21,"column":3}},"line":7},"1":{"name":"(anonymous_1)","decl":{"start":{"line":15,"column":22},"end":{"line":15,"column":23}},"loc":{"start":{"line":16,"column":6},"end":{"line":16,"column":57}},"line":16},"2":{"name":"(anonymous_2)","decl":{"start":{"line":16,"column":13},"end":{"line":16,"column":14}},"loc":{"start":{"line":16,"column":29},"end":{"line":16,"column":56}},"line":16}},"branchMap":{},"s":{"0":5,"1":12,"2":0},"f":{"0":5,"1":12,"2":0},"b":{},"_coverageSchema":"332fd63041d2c1bcb487cc26dd0d5f7d97098a6c","hash":"e06a1461e38fa78cc38e0993fdad9c2c6e358278"},"/home/sadasant/code/github.com/smartprocure/contexture-react/src/queryBuilder/index.js":{"path":"/home/sadasant/code/github.com/smartprocure/contexture-react/src/queryBuilder/index.js","statementMap":{},"fnMap":{},"branchMap":{},"s":{},"f":{},"b":{},"_coverageSchema":"332fd63041d2c1bcb487cc26dd0d5f7d97098a6c","hash":"80cded690443da7d05eaf7426fd0cbee7b69f320"},"/home/sadasant/code/github.com/smartprocure/contexture-react/src/queryBuilder/QueryBuilder.js":{"path":"/home/sadasant/code/github.com/smartprocure/contexture-react/src/queryBuilder/QueryBuilder.js","statementMap":{"0":{"start":{"line":12,"column":21},"end":{"line":12,"column":27}},"1":{"start":{"line":13,"column":19},"end":{"line":16,"column":17}},"2":{"start":{"line":14,"column":2},"end":{"line":16,"column":17}},"3":{"start":{"line":18,"column":17},"end":{"line":18,"column":31}},"4":{"start":{"line":20,"column":16},"end":{"line":20,"column":47}},"5":{"start":{"line":20,"column":23},"end":{"line":20,"column":46}},"6":{"start":{"line":21,"column":16},"end":{"line":21,"column":74}},"7":{"start":{"line":21,"column":36},"end":{"line":21,"column":74}},"8":{"start":{"line":23,"column":29},"end":{"line":103,"column":1}},"9":{"start":{"line":25,"column":2},"end":{"line":40,"column":5}},"10":{"start":{"line":25,"column":33},"end":{"line":40,"column":3}},"11":{"start":{"line":27,"column":17},"end":{"line":27,"column":26}},"12":{"start":{"line":28,"column":6},"end":{"line":28,"column":20}},"13":{"start":{"line":29,"column":6},"end":{"line":29,"column":41}},"14":{"start":{"line":29,"column":16},"end":{"line":29,"column":41}},"15":{"start":{"line":30,"column":6},"end":{"line":30,"column":29}},"16":{"start":{"line":33,"column":6},"end":{"line":38,"column":14}},"17":{"start":{"line":34,"column":8},"end":{"line":37,"column":10}},"18":{"start":{"line":41,"column":2},"end":{"line":102,"column":3}},"19":{"start":{"line":44,"column":17},"end":{"line":44,"column":49}},"20":{"start":{"line":45,"column":28},"end":{"line":45,"column":50}},"21":{"start":{"line":46,"column":26},"end":{"line":46,"column":58}},"22":{"start":{"line":49,"column":33},"end":{"line":49,"column":37}},"23":{"start":{"line":50,"column":23},"end":{"line":50,"column":43}},"24":{"start":{"line":51,"column":17},"end":{"line":51,"column":41}},"25":{"start":{"line":52,"column":18},"end":{"line":52,"column":45}},"26":{"start":{"line":53,"column":6},"end":{"line":53,"column":23}},"27":{"start":{"line":54,"column":6},"end":{"line":54,"column":48}},"28":{"start":{"line":55,"column":20},"end":{"line":55,"column":38}},"29":{"start":{"line":57,"column":6},"end":{"line":57,"column":35}},"30":{"start":{"line":58,"column":6},"end":{"line":58,"column":45}},"31":{"start":{"line":63,"column":6},"end":{"line":63,"column":58}},"32":{"start":{"line":64,"column":6},"end":{"line":64,"column":48}},"33":{"start":{"line":71,"column":6},"end":{"line":100,"column":7}},"34":{"start":{"line":73,"column":18},"end":{"line":73,"column":32}},"35":{"start":{"line":74,"column":23},"end":{"line":79,"column":10}},"36":{"start":{"line":80,"column":8},"end":{"line":80,"column":34}},"37":{"start":{"line":81,"column":8},"end":{"line":81,"column":43}},"38":{"start":{"line":83,"column":8},"end":{"line":83,"column":62}},"39":{"start":{"line":84,"column":8},"end":{"line":84,"column":40}},"40":{"start":{"line":86,"column":23},"end":{"line":90,"column":10}},"41":{"start":{"line":91,"column":8},"end":{"line":91,"column":48}},"42":{"start":{"line":94,"column":8},"end":{"line":94,"column":79}},"43":{"start":{"line":95,"column":8},"end":{"line":95,"column":74}},"44":{"start":{"line":97,"column":8},"end":{"line":97,"column":66}},"45":{"start":{"line":97,"column":30},"end":{"line":97,"column":66}},"46":{"start":{"line":99,"column":8},"end":{"line":99,"column":23}},"47":{"start":{"line":107,"column":75},"end":{"line":113,"column":5}},"48":{"start":{"line":115,"column":6},"end":{"line":128,"column":17}},"49":{"start":{"line":122,"column":14},"end":{"line":122,"column":42}}},"fnMap":{"0":{"name":"(anonymous_0)","decl":{"start":{"line":13,"column":19},"end":{"line":13,"column":20}},"loc":{"start":{"line":14,"column":2},"end":{"line":16,"column":17}},"line":14},"1":{"name":"(anonymous_1)","decl":{"start":{"line":20,"column":16},"end":{"line":20,"column":17}},"loc":{"start":{"line":20,"column":23},"end":{"line":20,"column":46}},"line":20},"2":{"name":"(anonymous_2)","decl":{"start":{"line":21,"column":16},"end":{"line":21,"column":17}},"loc":{"start":{"line":21,"column":36},"end":{"line":21,"column":74}},"line":21},"3":{"name":"(anonymous_3)","decl":{"start":{"line":23,"column":29},"end":{"line":23,"column":30}},"loc":{"start":{"line":23,"column":46},"end":{"line":103,"column":1}},"line":23},"4":{"name":"(anonymous_4)","decl":{"start":{"line":25,"column":18},"end":{"line":25,"column":19}},"loc":{"start":{"line":25,"column":33},"end":{"line":40,"column":3}},"line":25},"5":{"name":"(anonymous_5)","decl":{"start":{"line":33,"column":21},"end":{"line":33,"column":22}},"loc":{"start":{"line":33,"column":29},"end":{"line":38,"column":7}},"line":33},"6":{"name":"(anonymous_6)","decl":{"start":{"line":44,"column":9},"end":{"line":44,"column":10}},"loc":{"start":{"line":44,"column":17},"end":{"line":44,"column":49}},"line":44},"7":{"name":"(anonymous_7)","decl":{"start":{"line":45,"column":12},"end":{"line":45,"column":13}},"loc":{"start":{"line":45,"column":28},"end":{"line":45,"column":50}},"line":45},"8":{"name":"(anonymous_8)","decl":{"start":{"line":46,"column":10},"end":{"line":46,"column":11}},"loc":{"start":{"line":46,"column":26},"end":{"line":46,"column":58}},"line":46},"9":{"name":"(anonymous_9)","decl":{"start":{"line":107,"column":4},"end":{"line":107,"column":5}},"loc":{"start":{"line":107,"column":75},"end":{"line":113,"column":5}},"line":107},"10":{"name":"(anonymous_10)","decl":{"start":{"line":114,"column":4},"end":{"line":114,"column":5}},"loc":{"start":{"line":115,"column":6},"end":{"line":128,"column":17}},"line":115},"11":{"name":"(anonymous_11)","decl":{"start":{"line":121,"column":21},"end":{"line":121,"column":22}},"loc":{"start":{"line":121,"column":27},"end":{"line":123,"column":13}},"line":121}},"branchMap":{"0":{"loc":{"start":{"line":29,"column":6},"end":{"line":29,"column":41}},"type":"if","locations":[{"start":{"line":29,"column":6},"end":{"line":29,"column":41}},{"start":{"line":29,"column":6},"end":{"line":29,"column":41}}],"line":29},"1":{"loc":{"start":{"line":71,"column":6},"end":{"line":100,"column":7}},"type":"if","locations":[{"start":{"line":71,"column":6},"end":{"line":100,"column":7}},{"start":{"line":71,"column":6},"end":{"line":100,"column":7}}],"line":71},"2":{"loc":{"start":{"line":97,"column":8},"end":{"line":97,"column":66}},"type":"if","locations":[{"start":{"line":97,"column":8},"end":{"line":97,"column":66}},{"start":{"line":97,"column":8},"end":{"line":97,"column":66}}],"line":97},"3":{"loc":{"start":{"line":107,"column":39},"end":{"line":107,"column":53}},"type":"default-arg","locations":[{"start":{"line":107,"column":47},"end":{"line":107,"column":53}}],"line":107},"4":{"loc":{"start":{"line":107,"column":55},"end":{"line":107,"column":67}},"type":"default-arg","locations":[{"start":{"line":107,"column":62},"end":{"line":107,"column":67}}],"line":107},"5":{"loc":{"start":{"line":114,"column":28},"end":{"line":114,"column":38}},"type":"default-arg","locations":[{"start":{"line":114,"column":36},"end":{"line":114,"column":38}}],"line":114},"6":{"loc":{"start":{"line":125,"column":13},"end":{"line":125,"column":51}},"type":"cond-expr","locations":[{"start":{"line":125,"column":28},"end":{"line":125,"column":36}},{"start":{"line":125,"column":39},"end":{"line":125,"column":51}}],"line":125}},"s":{"0":1,"1":1,"2":0,"3":1,"4":1,"5":0,"6":1,"7":0,"8":1,"9":5,"10":5,"11":0,"12":0,"13":0,"14":0,"15":0,"16":0,"17":0,"18":5,"19":0,"20":0,"21":0,"22":0,"23":0,"24":0,"25":0,"26":0,"27":0,"28":0,"29":0,"30":0,"31":0,"32":0,"33":0,"34":0,"35":0,"36":0,"37":0,"38":0,"39":0,"40":0,"41":0,"42":0,"43":0,"44":0,"45":0,"46":0,"47":5,"48":5,"49":0},"f":{"0":0,"1":0,"2":0,"3":5,"4":5,"5":0,"6":0,"7":0,"8":0,"9":5,"10":5,"11":0},"b":{"0":[0,0],"1":[0,0],"2":[0,0],"3":[0],"4":[0],"5":[0],"6":[0,5]},"_coverageSchema":"332fd63041d2c1bcb487cc26dd0d5f7d97098a6c","hash":"fa6214e2c0da6e59d5eafd09cd5e677d264520ab"},"/home/sadasant/code/github.com/smartprocure/contexture-react/src/queryBuilder/DragDrop/DDContext.js":{"path":"/home/sadasant/code/github.com/smartprocure/contexture-react/src/queryBuilder/DragDrop/DDContext.js","statementMap":{},"fnMap":{},"branchMap":{},"s":{},"f":{},"b":{},"_coverageSchema":"332fd63041d2c1bcb487cc26dd0d5f7d97098a6c","hash":"9e468d813068c84c012491baaed3098a6989d085"},"/home/sadasant/code/github.com/smartprocure/contexture-react/src/utils/mobx-react-utils.js":{"path":"/home/sadasant/code/github.com/smartprocure/contexture-react/src/utils/mobx-react-utils.js","statementMap":{"0":{"start":{"line":8,"column":23},"end":{"line":14,"column":1}},"1":{"start":{"line":9,"column":10},"end":{"line":9,"column":34}},"2":{"start":{"line":10,"column":2},"end":{"line":12,"column":3}},"3":{"start":{"line":11,"column":4},"end":{"line":11,"column":31}},"4":{"start":{"line":13,"column":2},"end":{"line":13,"column":44}},"5":{"start":{"line":16,"column":25},"end":{"line":20,"column":1}},"6":{"start":{"line":17,"column":10},"end":{"line":17,"column":23}},"7":{"start":{"line":18,"column":2},"end":{"line":18,"column":22}},"8":{"start":{"line":19,"column":2},"end":{"line":19,"column":10}},"9":{"start":{"line":22,"column":27},"end":{"line":22,"column":77}},"10":{"start":{"line":22,"column":36},"end":{"line":22,"column":77}},"11":{"start":{"line":22,"column":49},"end":{"line":22,"column":76}},"12":{"start":{"line":24,"column":21},"end":{"line":26,"column":1}},"13":{"start":{"line":25,"column":2},"end":{"line":25,"column":49}},"14":{"start":{"line":25,"column":28},"end":{"line":25,"column":45}},"15":{"start":{"line":28,"column":28},"end":{"line":29,"column":57}},"16":{"start":{"line":29,"column":2},"end":{"line":29,"column":57}},"17":{"start":{"line":29,"column":28},"end":{"line":29,"column":56}}},"fnMap":{"0":{"name":"(anonymous_0)","decl":{"start":{"line":8,"column":23},"end":{"line":8,"column":24}},"loc":{"start":{"line":8,"column":54},"end":{"line":14,"column":1}},"line":8},"1":{"name":"(anonymous_1)","decl":{"start":{"line":13,"column":32},"end":{"line":13,"column":33}},"loc":{"start":{"line":13,"column":38},"end":{"line":13,"column":40}},"line":13},"2":{"name":"(anonymous_2)","decl":{"start":{"line":16,"column":25},"end":{"line":16,"column":26}},"loc":{"start":{"line":16,"column":30},"end":{"line":20,"column":1}},"line":16},"3":{"name":"(anonymous_3)","decl":{"start":{"line":22,"column":27},"end":{"line":22,"column":28}},"loc":{"start":{"line":22,"column":36},"end":{"line":22,"column":77}},"line":22},"4":{"name":"(anonymous_4)","decl":{"start":{"line":22,"column":43},"end":{"line":22,"column":44}},"loc":{"start":{"line":22,"column":49},"end":{"line":22,"column":76}},"line":22},"5":{"name":"(anonymous_5)","decl":{"start":{"line":24,"column":29},"end":{"line":24,"column":30}},"loc":{"start":{"line":25,"column":2},"end":{"line":25,"column":49}},"line":25},"6":{"name":"(anonymous_6)","decl":{"start":{"line":25,"column":9},"end":{"line":25,"column":10}},"loc":{"start":{"line":25,"column":28},"end":{"line":25,"column":45}},"line":25},"7":{"name":"(anonymous_7)","decl":{"start":{"line":28,"column":28},"end":{"line":28,"column":29}},"loc":{"start":{"line":29,"column":2},"end":{"line":29,"column":57}},"line":29},"8":{"name":"(anonymous_8)","decl":{"start":{"line":29,"column":9},"end":{"line":29,"column":10}},"loc":{"start":{"line":29,"column":28},"end":{"line":29,"column":56}},"line":29}},"branchMap":{"0":{"loc":{"start":{"line":9,"column":19},"end":{"line":9,"column":33}},"type":"binary-expr","locations":[{"start":{"line":9,"column":19},"end":{"line":9,"column":25}},{"start":{"line":9,"column":29},"end":{"line":9,"column":33}}],"line":9},"1":{"loc":{"start":{"line":10,"column":2},"end":{"line":12,"column":3}},"type":"if","locations":[{"start":{"line":10,"column":2},"end":{"line":12,"column":3}},{"start":{"line":10,"column":2},"end":{"line":12,"column":3}}],"line":10},"2":{"loc":{"start":{"line":13,"column":16},"end":{"line":13,"column":40}},"type":"cond-expr","locations":[{"start":{"line":13,"column":25},"end":{"line":13,"column":29}},{"start":{"line":13,"column":32},"end":{"line":13,"column":40}}],"line":13}},"s":{"0":1,"1":8,"2":8,"3":4,"4":8,"5":1,"6":83,"7":83,"8":83,"9":1,"10":13,"11":66,"12":1,"13":35,"14":54,"15":1,"16":18,"17":21},"f":{"0":8,"1":81,"2":83,"3":13,"4":66,"5":35,"6":54,"7":18,"8":21},"b":{"0":[8,4],"1":[4,4],"2":[4,4]},"_coverageSchema":"332fd63041d2c1bcb487cc26dd0d5f7d97098a6c","hash":"e065102b02ae33a3c005c8bff1928ec46358976e"},"/home/sadasant/code/github.com/smartprocure/contexture-react/src/queryBuilder/Group.js":{"path":"/home/sadasant/code/github.com/smartprocure/contexture-react/src/queryBuilder/Group.js","statementMap":{"0":{"start":{"line":12,"column":21},"end":{"line":12,"column":27}},"1":{"start":{"line":14,"column":16},"end":{"line":46,"column":2}},"2":{"start":{"line":25,"column":6},"end":{"line":25,"column":10}},"3":{"start":{"line":26,"column":2},"end":{"line":45,"column":3}},"4":{"start":{"line":48,"column":12},"end":{"line":110,"column":1}},"5":{"start":{"line":49,"column":9},"end":{"line":55,"column":3}},"6":{"start":{"line":57,"column":40},"end":{"line":57,"column":44}},"7":{"start":{"line":58,"column":4},"end":{"line":107,"column":5}},"8":{"start":{"line":79,"column":16},"end":{"line":86,"column":22}},"9":{"start":{"line":94,"column":18},"end":{"line":94,"column":32}}},"fnMap":{"0":{"name":"(anonymous_0)","decl":{"start":{"line":14,"column":33},"end":{"line":14,"column":34}},"loc":{"start":{"line":14,"column":41},"end":{"line":46,"column":1}},"line":14},"1":{"name":"(anonymous_1)","decl":{"start":{"line":49,"column":2},"end":{"line":49,"column":3}},"loc":{"start":{"line":49,"column":9},"end":{"line":55,"column":3}},"line":49},"2":{"name":"(anonymous_2)","decl":{"start":{"line":56,"column":2},"end":{"line":56,"column":3}},"loc":{"start":{"line":56,"column":10},"end":{"line":108,"column":3}},"line":56},"3":{"name":"(anonymous_3)","decl":{"start":{"line":78,"column":14},"end":{"line":78,"column":15}},"loc":{"start":{"line":79,"column":16},"end":{"line":86,"column":22}},"line":79},"4":{"name":"(anonymous_4)","decl":{"start":{"line":93,"column":25},"end":{"line":93,"column":26}},"loc":{"start":{"line":93,"column":31},"end":{"line":95,"column":17}},"line":93}},"branchMap":{"0":{"loc":{"start":{"line":30,"column":12},"end":{"line":31,"column":40}},"type":"binary-expr","locations":[{"start":{"line":30,"column":12},"end":{"line":30,"column":46}},{"start":{"line":31,"column":10},"end":{"line":31,"column":22}},{"start":{"line":31,"column":26},"end":{"line":31,"column":40}}],"line":30},"1":{"loc":{"start":{"line":34,"column":7},"end":{"line":38,"column":7}},"type":"binary-expr","locations":[{"start":{"line":34,"column":7},"end":{"line":34,"column":46}},{"start":{"line":35,"column":8},"end":{"line":37,"column":10}}],"line":34},"2":{"loc":{"start":{"line":34,"column":9},"end":{"line":34,"column":45}},"type":"binary-expr","locations":[{"start":{"line":34,"column":9},"end":{"line":34,"column":15}},{"start":{"line":34,"column":19},"end":{"line":34,"column":45}}],"line":34},"3":{"loc":{"start":{"line":39,"column":7},"end":{"line":43,"column":7}},"type":"cond-expr","locations":[{"start":{"line":40,"column":8},"end":{"line":40,"column":60}},{"start":{"line":42,"column":8},"end":{"line":42,"column":46}}],"line":39},"4":{"loc":{"start":{"line":63,"column":16},"end":{"line":63,"column":38}},"type":"binary-expr","locations":[{"start":{"line":63,"column":16},"end":{"line":63,"column":23}},{"start":{"line":63,"column":27},"end":{"line":63,"column":38}}],"line":63},"5":{"loc":{"start":{"line":65,"column":16},"end":{"line":68,"column":13}},"type":"binary-expr","locations":[{"start":{"line":65,"column":16},"end":{"line":65,"column":33}},{"start":{"line":65,"column":37},"end":{"line":68,"column":13}}],"line":65},"6":{"loc":{"start":{"line":74,"column":18},"end":{"line":74,"column":56}},"type":"binary-expr","locations":[{"start":{"line":74,"column":18},"end":{"line":74,"column":35}},{"start":{"line":74,"column":39},"end":{"line":74,"column":56}}],"line":74},"7":{"loc":{"start":{"line":83,"column":61},"end":{"line":85,"column":19}},"type":"binary-expr","locations":[{"start":{"line":83,"column":61},"end":{"line":83,"column":76}},{"start":{"line":84,"column":20},"end":{"line":84,"column":71}}],"line":83},"8":{"loc":{"start":{"line":91,"column":13},"end":{"line":103,"column":13}},"type":"binary-expr","locations":[{"start":{"line":91,"column":13},"end":{"line":91,"column":24}},{"start":{"line":92,"column":14},"end":{"line":102,"column":16}}],"line":91}},"s":{"0":1,"1":1,"2":37,"3":37,"4":1,"5":17,"6":17,"7":17,"8":37,"9":0},"f":{"0":37,"1":17,"2":17,"3":37,"4":0},"b":{"0":[37,17,17],"1":[37,32],"2":[37,15],"3":[10,27],"4":[17,10],"5":[17,0],"6":[17,0],"7":[37,27],"8":[17,0]},"_coverageSchema":"332fd63041d2c1bcb487cc26dd0d5f7d97098a6c","hash":"9fd823fe14529fd145bab4e2deb1805fba1cf9c5"},"/home/sadasant/code/github.com/smartprocure/contexture-react/src/styles/index.js":{"path":"/home/sadasant/code/github.com/smartprocure/contexture-react/src/styles/index.js","statementMap":{},"fnMap":{},"branchMap":{},"s":{},"f":{},"b":{},"_coverageSchema":"332fd63041d2c1bcb487cc26dd0d5f7d97098a6c","hash":"d088bd3d60156af7538f93dbe2b60779799e93e4"},"/home/sadasant/code/github.com/smartprocure/contexture-react/src/styles/generic.js":{"path":"/home/sadasant/code/github.com/smartprocure/contexture-react/src/styles/generic.js","statementMap":{"0":{"start":{"line":2,"column":19},"end":{"line":4,"column":1}},"1":{"start":{"line":5,"column":39},"end":{"line":8,"column":1}},"2":{"start":{"line":9,"column":18},"end":{"line":11,"column":1}},"3":{"start":{"line":12,"column":24},"end":{"line":18,"column":1}},"4":{"start":{"line":21,"column":17},"end":{"line":29,"column":1}},"5":{"start":{"line":30,"column":26},"end":{"line":33,"column":1}},"6":{"start":{"line":34,"column":27},"end":{"line":37,"column":1}},"7":{"start":{"line":40,"column":23},"end":{"line":44,"column":1}},"8":{"start":{"line":46,"column":21},"end":{"line":49,"column":1}},"9":{"start":{"line":52,"column":23},"end":{"line":57,"column":23}},"10":{"start":{"line":53,"column":3},"end":{"line":57,"column":22}},"11":{"start":{"line":58,"column":20},"end":{"line":61,"column":2}},"12":{"start":{"line":58,"column":29},"end":{"line":61,"column":1}},"13":{"start":{"line":62,"column":20},"end":{"line":64,"column":2}},"14":{"start":{"line":62,"column":29},"end":{"line":64,"column":1}},"15":{"start":{"line":65,"column":23},"end":{"line":68,"column":2}},"16":{"start":{"line":65,"column":32},"end":{"line":68,"column":1}}},"fnMap":{"0":{"name":"(anonymous_0)","decl":{"start":{"line":52,"column":23},"end":{"line":52,"column":24}},"loc":{"start":{"line":53,"column":3},"end":{"line":57,"column":22}},"line":53},"1":{"name":"(anonymous_1)","decl":{"start":{"line":58,"column":20},"end":{"line":58,"column":21}},"loc":{"start":{"line":58,"column":29},"end":{"line":61,"column":1}},"line":58},"2":{"name":"(anonymous_2)","decl":{"start":{"line":62,"column":20},"end":{"line":62,"column":21}},"loc":{"start":{"line":62,"column":29},"end":{"line":64,"column":1}},"line":62},"3":{"name":"(anonymous_3)","decl":{"start":{"line":65,"column":23},"end":{"line":65,"column":24}},"loc":{"start":{"line":65,"column":32},"end":{"line":68,"column":1}},"line":65}},"branchMap":{"0":{"loc":{"start":{"line":57,"column":4},"end":{"line":57,"column":21}},"type":"binary-expr","locations":[{"start":{"line":57,"column":4},"end":{"line":57,"column":13}},{"start":{"line":57,"column":17},"end":{"line":57,"column":21}}],"line":57}},"s":{"0":1,"1":1,"2":1,"3":1,"4":1,"5":1,"6":1,"7":1,"8":1,"9":1,"10":191,"11":1,"12":67,"13":1,"14":83,"15":1,"16":9},"f":{"0":191,"1":67,"2":83,"3":9},"b":{"0":[191,52]},"_coverageSchema":"332fd63041d2c1bcb487cc26dd0d5f7d97098a6c","hash":"9d6864c8115fd9eef8fd88b6a7e05c32aea63b0e"},"/home/sadasant/code/github.com/smartprocure/contexture-react/src/styles/queryBuilder.js":{"path":"/home/sadasant/code/github.com/smartprocure/contexture-react/src/styles/queryBuilder.js","statementMap":{"0":{"start":{"line":10,"column":24},"end":{"line":10,"column":33}},"1":{"start":{"line":13,"column":21},"end":{"line":13,"column":23}},"2":{"start":{"line":15,"column":20},"end":{"line":15,"column":22}},"3":{"start":{"line":16,"column":17},"end":{"line":16,"column":19}},"4":{"start":{"line":18,"column":16},"end":{"line":18,"column":17}},"5":{"start":{"line":21,"column":20},"end":{"line":115,"column":1}}},"fnMap":{},"branchMap":{},"s":{"0":1,"1":1,"2":1,"3":1,"4":1,"5":1},"f":{},"b":{},"_coverageSchema":"332fd63041d2c1bcb487cc26dd0d5f7d97098a6c","hash":"f91b5f1bd06b3a8f7e54dba0dd40d64ab007fc45"},"/home/sadasant/code/github.com/smartprocure/contexture-react/src/queryBuilder/preview/Indentable.js":{"path":"/home/sadasant/code/github.com/smartprocure/contexture-react/src/queryBuilder/preview/Indentable.js","statementMap":{"0":{"start":{"line":8,"column":17},"end":{"line":23,"column":1}},"1":{"start":{"line":9,"column":2},"end":{"line":22,"column":8}}},"fnMap":{"0":{"name":"(anonymous_0)","decl":{"start":{"line":8,"column":17},"end":{"line":8,"column":18}},"loc":{"start":{"line":9,"column":2},"end":{"line":22,"column":8}},"line":9}},"branchMap":{"0":{"loc":{"start":{"line":10,"column":5},"end":{"line":17,"column":5}},"type":"binary-expr","locations":[{"start":{"line":10,"column":5},"end":{"line":10,"column":19}},{"start":{"line":11,"column":6},"end":{"line":16,"column":8}}],"line":10},"1":{"loc":{"start":{"line":20,"column":7},"end":{"line":20,"column":70}},"type":"binary-expr","locations":[{"start":{"line":20,"column":7},"end":{"line":20,"column":21}},{"start":{"line":20,"column":25},"end":{"line":20,"column":70}}],"line":20}},"s":{"0":1,"1":48},"f":{"0":48},"b":{"0":[48,3],"1":[48,3]},"_coverageSchema":"332fd63041d2c1bcb487cc26dd0d5f7d97098a6c","hash":"7c2d4883dbc5fe9ed3d61cca152eebb6ea32379a"},"/home/sadasant/code/github.com/smartprocure/contexture-react/src/utils/search.js":{"path":"/home/sadasant/code/github.com/smartprocure/contexture-react/src/utils/search.js","statementMap":{"0":{"start":{"line":1,"column":26},"end":{"line":1,"column":65}},"1":{"start":{"line":1,"column":35},"end":{"line":1,"column":64}}},"fnMap":{"0":{"name":"(anonymous_0)","decl":{"start":{"line":1,"column":26},"end":{"line":1,"column":27}},"loc":{"start":{"line":1,"column":35},"end":{"line":1,"column":64}},"line":1}},"branchMap":{"0":{"loc":{"start":{"line":1,"column":35},"end":{"line":1,"column":64}},"type":"cond-expr","locations":[{"start":{"line":1,"column":52},"end":{"line":1,"column":56}},{"start":{"line":1,"column":59},"end":{"line":1,"column":64}}],"line":1}},"s":{"0":1,"1":36},"f":{"0":36},"b":{"0":[22,14]},"_coverageSchema":"332fd63041d2c1bcb487cc26dd0d5f7d97098a6c","hash":"a513d4d69031340091e42832847d943ee5ba4fe4"},"/home/sadasant/code/github.com/smartprocure/contexture-react/src/queryBuilder/preview/AddPreview.js":{"path":"/home/sadasant/code/github.com/smartprocure/contexture-react/src/queryBuilder/preview/AddPreview.js","statementMap":{"0":{"start":{"line":5,"column":17},"end":{"line":20,"column":1}},"1":{"start":{"line":6,"column":2},"end":{"line":19,"column":8}}},"fnMap":{"0":{"name":"(anonymous_0)","decl":{"start":{"line":5,"column":17},"end":{"line":5,"column":18}},"loc":{"start":{"line":6,"column":2},"end":{"line":19,"column":8}},"line":6}},"branchMap":{},"s":{"0":1,"1":6},"f":{"0":6},"b":{},"_coverageSchema":"332fd63041d2c1bcb487cc26dd0d5f7d97098a6c","hash":"f70ea9077ac9ea29f85c34b2feddd94c9a6db391"},"/home/sadasant/code/github.com/smartprocure/contexture-react/src/queryBuilder/Operator.js":{"path":"/home/sadasant/code/github.com/smartprocure/contexture-react/src/queryBuilder/Operator.js","statementMap":{"0":{"start":{"line":9,"column":20},"end":{"line":29,"column":1}},"1":{"start":{"line":10,"column":2},"end":{"line":28,"column":8}},"2":{"start":{"line":30,"column":0},"end":{"line":30,"column":43}},"3":{"start":{"line":32,"column":19},"end":{"line":41,"column":2}},"4":{"start":{"line":33,"column":2},"end":{"line":40,"column":4}},"5":{"start":{"line":42,"column":0},"end":{"line":42,"column":41}},"6":{"start":{"line":44,"column":19},"end":{"line":63,"column":1}},"7":{"start":{"line":45,"column":2},"end":{"line":62,"column":8}},"8":{"start":{"line":64,"column":0},"end":{"line":64,"column":41}},"9":{"start":{"line":66,"column":15},"end":{"line":93,"column":1}},"10":{"start":{"line":67,"column":9},"end":{"line":71,"column":3}},"11":{"start":{"line":73,"column":4},"end":{"line":90,"column":10}}},"fnMap":{"0":{"name":"(anonymous_0)","decl":{"start":{"line":9,"column":20},"end":{"line":9,"column":21}},"loc":{"start":{"line":10,"column":2},"end":{"line":28,"column":8}},"line":10},"1":{"name":"(anonymous_1)","decl":{"start":{"line":32,"column":29},"end":{"line":32,"column":30}},"loc":{"start":{"line":33,"column":2},"end":{"line":40,"column":4}},"line":33},"2":{"name":"(anonymous_2)","decl":{"start":{"line":44,"column":19},"end":{"line":44,"column":20}},"loc":{"start":{"line":45,"column":2},"end":{"line":62,"column":8}},"line":45},"3":{"name":"(anonymous_3)","decl":{"start":{"line":67,"column":2},"end":{"line":67,"column":3}},"loc":{"start":{"line":67,"column":9},"end":{"line":71,"column":3}},"line":67},"4":{"name":"(anonymous_4)","decl":{"start":{"line":72,"column":2},"end":{"line":72,"column":3}},"loc":{"start":{"line":73,"column":4},"end":{"line":90,"column":10}},"line":73}},"branchMap":{"0":{"loc":{"start":{"line":18,"column":5},"end":{"line":27,"column":7}},"type":"binary-expr","locations":[{"start":{"line":18,"column":5},"end":{"line":18,"column":15}},{"start":{"line":19,"column":6},"end":{"line":19,"column":26}},{"start":{"line":20,"column":8},"end":{"line":26,"column":10}}],"line":18},"1":{"loc":{"start":{"line":36,"column":10},"end":{"line":36,"column":75}},"type":"binary-expr","locations":[{"start":{"line":36,"column":10},"end":{"line":36,"column":20}},{"start":{"line":36,"column":24},"end":{"line":36,"column":44}},{"start":{"line":36,"column":48},"end":{"line":36,"column":75}}],"line":36},"2":{"loc":{"start":{"line":48,"column":52},"end":{"line":48,"column":76}},"type":"binary-expr","locations":[{"start":{"line":48,"column":52},"end":{"line":48,"column":68}},{"start":{"line":48,"column":72},"end":{"line":48,"column":76}}],"line":48},"3":{"loc":{"start":{"line":52,"column":14},"end":{"line":55,"column":11}},"type":"binary-expr","locations":[{"start":{"line":52,"column":14},"end":{"line":52,"column":30}},{"start":{"line":52,"column":34},"end":{"line":55,"column":11}}],"line":52},"4":{"loc":{"start":{"line":58,"column":9},"end":{"line":58,"column":38}},"type":"binary-expr","locations":[{"start":{"line":58,"column":9},"end":{"line":58,"column":25}},{"start":{"line":58,"column":29},"end":{"line":58,"column":38}}],"line":58},"5":{"loc":{"start":{"line":74,"column":7},"end":{"line":78,"column":7}},"type":"cond-expr","locations":[{"start":{"line":75,"column":8},"end":{"line":75,"column":53}},{"start":{"line":77,"column":8},"end":{"line":77,"column":60}}],"line":74},"6":{"loc":{"start":{"line":74,"column":9},"end":{"line":74,"column":43}},"type":"binary-expr","locations":[{"start":{"line":74,"column":9},"end":{"line":74,"column":20}},{"start":{"line":74,"column":24},"end":{"line":74,"column":43}}],"line":74},"7":{"loc":{"start":{"line":85,"column":14},"end":{"line":85,"column":51}},"type":"binary-expr","locations":[{"start":{"line":85,"column":14},"end":{"line":85,"column":30}},{"start":{"line":85,"column":34},"end":{"line":85,"column":51}}],"line":85}},"s":{"0":1,"1":12,"2":1,"3":1,"4":26,"5":1,"6":1,"7":26,"8":1,"9":1,"10":38,"11":38},"f":{"0":12,"1":26,"2":26,"3":38,"4":38},"b":{"0":[12,4,4],"1":[26,12,10],"2":[26,26],"3":[26,0],"4":[26,26],"5":[12,26],"6":[38,15],"7":[38,0]},"_coverageSchema":"332fd63041d2c1bcb487cc26dd0d5f7d97098a6c","hash":"f5b43ef9e6f0bb600fd3ce2af7a33346ef505e4f"},"/home/sadasant/code/github.com/smartprocure/contexture-react/src/layout/Popover.js":{"path":"/home/sadasant/code/github.com/smartprocure/contexture-react/src/layout/Popover.js","statementMap":{"0":{"start":{"line":5,"column":21},"end":{"line":5,"column":27}},"1":{"start":{"line":8,"column":14},"end":{"line":36,"column":1}},"2":{"start":{"line":10,"column":4},"end":{"line":35,"column":5}},"3":{"start":{"line":37,"column":0},"end":{"line":37,"column":31}}},"fnMap":{"0":{"name":"(anonymous_0)","decl":{"start":{"line":9,"column":2},"end":{"line":9,"column":3}},"loc":{"start":{"line":10,"column":4},"end":{"line":35,"column":5}},"line":10}},"branchMap":{"0":{"loc":{"start":{"line":10,"column":4},"end":{"line":35,"column":5}},"type":"binary-expr","locations":[{"start":{"line":10,"column":4},"end":{"line":10,"column":18}},{"start":{"line":11,"column":6},"end":{"line":34,"column":12}}],"line":10}},"s":{"0":1,"1":1,"2":46,"3":1},"f":{"0":46},"b":{"0":[46,0]},"_coverageSchema":"332fd63041d2c1bcb487cc26dd0d5f7d97098a6c","hash":"b66e5f355ab808ab833eece8fb72bd0b625bcfd7"},"/home/sadasant/code/github.com/smartprocure/contexture-react/src/queryBuilder/OperatorMenu.js":{"path":"/home/sadasant/code/github.com/smartprocure/contexture-react/src/queryBuilder/OperatorMenu.js","statementMap":{"0":{"start":{"line":7,"column":33},"end":{"line":7,"column":39}},"1":{"start":{"line":9,"column":19},"end":{"line":51,"column":1}},"2":{"start":{"line":10,"column":2},"end":{"line":50,"column":8}},"3":{"start":{"line":13,"column":8},"end":{"line":22,"column":9}},"4":{"start":{"line":16,"column":38},"end":{"line":16,"column":66}},"5":{"start":{"line":18,"column":27},"end":{"line":18,"column":48}},"6":{"start":{"line":34,"column":10},"end":{"line":34,"column":39}},"7":{"start":{"line":35,"column":10},"end":{"line":35,"column":40}},"8":{"start":{"line":45,"column":23},"end":{"line":45,"column":52}},"9":{"start":{"line":52,"column":0},"end":{"line":52,"column":41}}},"fnMap":{"0":{"name":"(anonymous_0)","decl":{"start":{"line":9,"column":19},"end":{"line":9,"column":20}},"loc":{"start":{"line":10,"column":2},"end":{"line":50,"column":8}},"line":10},"1":{"name":"(anonymous_1)","decl":{"start":{"line":12,"column":6},"end":{"line":12,"column":7}},"loc":{"start":{"line":13,"column":8},"end":{"line":22,"column":9}},"line":13},"2":{"name":"(anonymous_2)","decl":{"start":{"line":16,"column":32},"end":{"line":16,"column":33}},"loc":{"start":{"line":16,"column":38},"end":{"line":16,"column":66}},"line":16},"3":{"name":"(anonymous_3)","decl":{"start":{"line":18,"column":21},"end":{"line":18,"column":22}},"loc":{"start":{"line":18,"column":27},"end":{"line":18,"column":48}},"line":18},"4":{"name":"(anonymous_4)","decl":{"start":{"line":33,"column":17},"end":{"line":33,"column":18}},"loc":{"start":{"line":33,"column":23},"end":{"line":36,"column":9}},"line":33},"5":{"name":"(anonymous_5)","decl":{"start":{"line":45,"column":17},"end":{"line":45,"column":18}},"loc":{"start":{"line":45,"column":23},"end":{"line":45,"column":52}},"line":45}},"branchMap":{"0":{"loc":{"start":{"line":13,"column":8},"end":{"line":22,"column":9}},"type":"binary-expr","locations":[{"start":{"line":13,"column":8},"end":{"line":13,"column":26}},{"start":{"line":14,"column":10},"end":{"line":21,"column":16}}],"line":13},"1":{"loc":{"start":{"line":16,"column":57},"end":{"line":16,"column":66}},"type":"binary-expr","locations":[{"start":{"line":16,"column":57},"end":{"line":16,"column":58}},{"start":{"line":16,"column":62},"end":{"line":16,"column":66}}],"line":16},"2":{"loc":{"start":{"line":29,"column":41},"end":{"line":29,"column":59}},"type":"binary-expr","locations":[{"start":{"line":29,"column":41},"end":{"line":29,"column":51}},{"start":{"line":29,"column":55},"end":{"line":29,"column":59}}],"line":29},"3":{"loc":{"start":{"line":38,"column":31},"end":{"line":38,"column":49}},"type":"binary-expr","locations":[{"start":{"line":38,"column":31},"end":{"line":38,"column":41}},{"start":{"line":38,"column":45},"end":{"line":38,"column":49}}],"line":38}},"s":{"0":1,"1":1,"2":1,"3":3,"4":0,"5":0,"6":0,"7":0,"8":0,"9":1},"f":{"0":1,"1":3,"2":0,"3":0,"4":0,"5":0},"b":{"0":[3,2],"1":[0,0],"2":[1,1],"3":[1,1]},"_coverageSchema":"332fd63041d2c1bcb487cc26dd0d5f7d97098a6c","hash":"4a67b9e7e0d652484517d7e0f8acea54041dc83b"},"/home/sadasant/code/github.com/smartprocure/contexture-react/src/queryBuilder/DragDrop/MoveTargets.js":{"path":"/home/sadasant/code/github.com/smartprocure/contexture-react/src/queryBuilder/DragDrop/MoveTargets.js","statementMap":{"0":{"start":{"line":6,"column":21},"end":{"line":11,"column":1}},"1":{"start":{"line":8,"column":25},"end":{"line":8,"column":42}},"2":{"start":{"line":9,"column":4},"end":{"line":9,"column":56}},"3":{"start":{"line":12,"column":27},"end":{"line":27,"column":3}},"4":{"start":{"line":13,"column":2},"end":{"line":27,"column":3}},"5":{"start":{"line":15,"column":6},"end":{"line":26,"column":7}},"6":{"start":{"line":29,"column":32},"end":{"line":32,"column":3}},"7":{"start":{"line":29,"column":60},"end":{"line":32,"column":1}},"8":{"start":{"line":33,"column":30},"end":{"line":37,"column":3}},"9":{"start":{"line":33,"column":68},"end":{"line":37,"column":1}}},"fnMap":{"0":{"name":"(anonymous_0)","decl":{"start":{"line":12,"column":27},"end":{"line":12,"column":28}},"loc":{"start":{"line":13,"column":2},"end":{"line":27,"column":3}},"line":13},"1":{"name":"(anonymous_1)","decl":{"start":{"line":14,"column":4},"end":{"line":14,"column":5}},"loc":{"start":{"line":15,"column":6},"end":{"line":26,"column":7}},"line":15},"2":{"name":"(anonymous_2)","decl":{"start":{"line":29,"column":53},"end":{"line":29,"column":54}},"loc":{"start":{"line":29,"column":60},"end":{"line":32,"column":1}},"line":29},"3":{"name":"(anonymous_3)","decl":{"start":{"line":33,"column":51},"end":{"line":33,"column":52}},"loc":{"start":{"line":33,"column":68},"end":{"line":37,"column":1}},"line":33}},"branchMap":{"0":{"loc":{"start":{"line":16,"column":8},"end":{"line":25,"column":9}},"type":"cond-expr","locations":[{"start":{"line":17,"column":10},"end":{"line":22,"column":12}},{"start":{"line":24,"column":10},"end":{"line":24,"column":17}}],"line":16},"1":{"loc":{"start":{"line":35,"column":10},"end":{"line":35,"column":34}},"type":"cond-expr","locations":[{"start":{"line":35,"column":19},"end":{"line":35,"column":25}},{"start":{"line":35,"column":28},"end":{"line":35,"column":34}}],"line":35}},"s":{"0":1,"1":0,"2":0,"3":1,"4":2,"5":65,"6":1,"7":0,"8":1,"9":0},"f":{"0":2,"1":65,"2":0,"3":0},"b":{"0":[0,65],"1":[0,0]},"_coverageSchema":"332fd63041d2c1bcb487cc26dd0d5f7d97098a6c","hash":"6c0a5aef07de1477a1e8cb9e3467b7dea2a6973a"},"/home/sadasant/code/github.com/smartprocure/contexture-react/src/queryBuilder/DragDrop/FilterDropTarget.js":{"path":"/home/sadasant/code/github.com/smartprocure/contexture-react/src/queryBuilder/DragDrop/FilterDropTarget.js","statementMap":{"0":{"start":{"line":2,"column":30},"end":{"line":8,"column":5}},"1":{"start":{"line":3,"column":2},"end":{"line":8,"column":5}},"2":{"start":{"line":3,"column":52},"end":{"line":8,"column":3}}},"fnMap":{"0":{"name":"(anonymous_0)","decl":{"start":{"line":2,"column":30},"end":{"line":2,"column":31}},"loc":{"start":{"line":3,"column":2},"end":{"line":8,"column":5}},"line":3},"1":{"name":"(anonymous_1)","decl":{"start":{"line":3,"column":29},"end":{"line":3,"column":30}},"loc":{"start":{"line":3,"column":52},"end":{"line":8,"column":3}},"line":3}},"branchMap":{},"s":{"0":1,"1":3,"2":204},"f":{"0":3,"1":204},"b":{},"_coverageSchema":"332fd63041d2c1bcb487cc26dd0d5f7d97098a6c","hash":"85d028de50786de55a037816670ae31b41ef17d6"},"/home/sadasant/code/github.com/smartprocure/contexture-react/src/queryBuilder/Rule.js":{"path":"/home/sadasant/code/github.com/smartprocure/contexture-react/src/queryBuilder/Rule.js","statementMap":{"0":{"start":{"line":10,"column":11},"end":{"line":61,"column":3}},"1":{"start":{"line":11,"column":2},"end":{"line":61,"column":3}},"2":{"start":{"line":42,"column":29},"end":{"line":42,"column":52}},"3":{"start":{"line":53,"column":29},"end":{"line":53,"column":52}},"4":{"start":{"line":65,"column":11},"end":{"line":71,"column":5}}},"fnMap":{"0":{"name":"(anonymous_0)","decl":{"start":{"line":10,"column":11},"end":{"line":10,"column":12}},"loc":{"start":{"line":11,"column":2},"end":{"line":61,"column":3}},"line":11},"1":{"name":"(anonymous_1)","decl":{"start":{"line":42,"column":23},"end":{"line":42,"column":24}},"loc":{"start":{"line":42,"column":29},"end":{"line":42,"column":52}},"line":42},"2":{"name":"(anonymous_2)","decl":{"start":{"line":53,"column":23},"end":{"line":53,"column":24}},"loc":{"start":{"line":53,"column":29},"end":{"line":53,"column":52}},"line":53},"3":{"name":"(anonymous_3)","decl":{"start":{"line":65,"column":4},"end":{"line":65,"column":5}},"loc":{"start":{"line":65,"column":11},"end":{"line":71,"column":5}},"line":65}},"branchMap":{"0":{"loc":{"start":{"line":18,"column":16},"end":{"line":22,"column":13}},"type":"binary-expr","locations":[{"start":{"line":18,"column":16},"end":{"line":18,"column":33}},{"start":{"line":18,"column":37},"end":{"line":22,"column":13}}],"line":18},"1":{"loc":{"start":{"line":23,"column":16},"end":{"line":23,"column":47}},"type":"binary-expr","locations":[{"start":{"line":23,"column":16},"end":{"line":23,"column":26}},{"start":{"line":23,"column":30},"end":{"line":23,"column":47}}],"line":23},"2":{"loc":{"start":{"line":24,"column":16},"end":{"line":24,"column":72}},"type":"binary-expr","locations":[{"start":{"line":24,"column":16},"end":{"line":24,"column":31}},{"start":{"line":24,"column":35},"end":{"line":24,"column":72}}],"line":24},"3":{"loc":{"start":{"line":31,"column":18},"end":{"line":31,"column":61}},"type":"binary-expr","locations":[{"start":{"line":31,"column":18},"end":{"line":31,"column":33}},{"start":{"line":31,"column":37},"end":{"line":31,"column":61}}],"line":31}},"s":{"0":1,"1":28,"2":0,"3":0,"4":28},"f":{"0":28,"1":0,"2":0,"3":28},"b":{"0":[28,0],"1":[28,0],"2":[28,0],"3":[28,28]},"_coverageSchema":"332fd63041d2c1bcb487cc26dd0d5f7d97098a6c","hash":"4618a5036af4e21affefd2ef7282b4f9fa04da9b"},"/home/sadasant/code/github.com/smartprocure/contexture-react/src/queryBuilder/FilterContents.js":{"path":"/home/sadasant/code/github.com/smartprocure/contexture-react/src/queryBuilder/FilterContents.js","statementMap":{"0":{"start":{"line":10,"column":18},"end":{"line":16,"column":1}},"1":{"start":{"line":18,"column":21},"end":{"line":80,"column":1}},"2":{"start":{"line":21,"column":20},"end":{"line":21,"column":38}},"3":{"start":{"line":22,"column":4},"end":{"line":78,"column":5}},"4":{"start":{"line":35,"column":29},"end":{"line":35,"column":62}},"5":{"start":{"line":41,"column":16},"end":{"line":41,"column":44}},"6":{"start":{"line":47,"column":18},"end":{"line":49,"column":27}},"7":{"start":{"line":81,"column":0},"end":{"line":81,"column":45}}},"fnMap":{"0":{"name":"(anonymous_0)","decl":{"start":{"line":19,"column":11},"end":{"line":19,"column":12}},"loc":{"start":{"line":19,"column":51},"end":{"line":79,"column":3}},"line":19},"1":{"name":"(anonymous_1)","decl":{"start":{"line":35,"column":20},"end":{"line":35,"column":21}},"loc":{"start":{"line":35,"column":29},"end":{"line":35,"column":62}},"line":35},"2":{"name":"(anonymous_2)","decl":{"start":{"line":40,"column":24},"end":{"line":40,"column":25}},"loc":{"start":{"line":40,"column":51},"end":{"line":42,"column":15}},"line":40},"3":{"name":"(anonymous_3)","decl":{"start":{"line":46,"column":16},"end":{"line":46,"column":17}},"loc":{"start":{"line":47,"column":18},"end":{"line":49,"column":27}},"line":47}},"branchMap":{"0":{"loc":{"start":{"line":19,"column":34},"end":{"line":19,"column":44}},"type":"default-arg","locations":[{"start":{"line":19,"column":42},"end":{"line":19,"column":44}}],"line":19},"1":{"loc":{"start":{"line":31,"column":12},"end":{"line":31,"column":76}},"type":"cond-expr","locations":[{"start":{"line":31,"column":24},"end":{"line":31,"column":59}},{"start":{"line":31,"column":62},"end":{"line":31,"column":76}}],"line":31},"2":{"loc":{"start":{"line":37,"column":9},"end":{"line":64,"column":9}},"type":"binary-expr","locations":[{"start":{"line":37,"column":9},"end":{"line":37,"column":18}},{"start":{"line":38,"column":10},"end":{"line":63,"column":16}}],"line":37},"3":{"loc":{"start":{"line":65,"column":9},"end":{"line":76,"column":9}},"type":"binary-expr","locations":[{"start":{"line":65,"column":9},"end":{"line":65,"column":18}},{"start":{"line":66,"column":10},"end":{"line":75,"column":16}}],"line":65}},"s":{"0":1,"1":1,"2":29,"3":29,"4":0,"5":0,"6":3,"7":1},"f":{"0":29,"1":0,"2":0,"3":3},"b":{"0":[14],"1":[1,28],"2":[29,1],"3":[29,27]},"_coverageSchema":"332fd63041d2c1bcb487cc26dd0d5f7d97098a6c","hash":"949e7ce58701b016ee8bd81015d213feeb93836e"},"/home/sadasant/code/github.com/smartprocure/contexture-react/src/layout/index.js":{"path":"/home/sadasant/code/github.com/smartprocure/contexture-react/src/layout/index.js","statementMap":{},"fnMap":{},"branchMap":{},"s":{},"f":{},"b":{},"_coverageSchema":"332fd63041d2c1bcb487cc26dd0d5f7d97098a6c","hash":"4231ab84a18dcfd4dcbcefb4f1dea8b6d9d15fdc"},"/home/sadasant/code/github.com/smartprocure/contexture-react/src/layout/Awaiter.js":{"path":"/home/sadasant/code/github.com/smartprocure/contexture-react/src/layout/Awaiter.js","statementMap":{"0":{"start":{"line":4,"column":14},"end":{"line":10,"column":1}},"1":{"start":{"line":5,"column":2},"end":{"line":9,"column":4}},"2":{"start":{"line":6,"column":19},"end":{"line":6,"column":40}},"3":{"start":{"line":7,"column":23},"end":{"line":7,"column":49}},"4":{"start":{"line":8,"column":24},"end":{"line":8,"column":52}},"5":{"start":{"line":11,"column":0},"end":{"line":11,"column":31}}},"fnMap":{"0":{"name":"(anonymous_0)","decl":{"start":{"line":4,"column":23},"end":{"line":4,"column":24}},"loc":{"start":{"line":5,"column":2},"end":{"line":9,"column":4}},"line":5},"1":{"name":"(anonymous_1)","decl":{"start":{"line":6,"column":13},"end":{"line":6,"column":14}},"loc":{"start":{"line":6,"column":19},"end":{"line":6,"column":40}},"line":6},"2":{"name":"(anonymous_2)","decl":{"start":{"line":7,"column":14},"end":{"line":7,"column":15}},"loc":{"start":{"line":7,"column":23},"end":{"line":7,"column":49}},"line":7},"3":{"name":"(anonymous_3)","decl":{"start":{"line":8,"column":15},"end":{"line":8,"column":16}},"loc":{"start":{"line":8,"column":24},"end":{"line":8,"column":52}},"line":8}},"branchMap":{},"s":{"0":1,"1":8,"2":8,"3":0,"4":0,"5":1},"f":{"0":8,"1":8,"2":0,"3":0},"b":{},"_coverageSchema":"332fd63041d2c1bcb487cc26dd0d5f7d97098a6c","hash":"e350cbe0ca375008f63fdabb534aecd4f8df86d2"},"/home/sadasant/code/github.com/smartprocure/contexture-react/src/layout/Flex.js":{"path":"/home/sadasant/code/github.com/smartprocure/contexture-react/src/layout/Flex.js","statementMap":{"0":{"start":{"line":4,"column":18},"end":{"line":6,"column":1}},"1":{"start":{"line":5,"column":2},"end":{"line":5,"column":58}}},"fnMap":{"0":{"name":"(anonymous_0)","decl":{"start":{"line":4,"column":18},"end":{"line":4,"column":19}},"loc":{"start":{"line":5,"column":2},"end":{"line":5,"column":58}},"line":5}},"branchMap":{},"s":{"0":1,"1":9},"f":{"0":9},"b":{},"_coverageSchema":"332fd63041d2c1bcb487cc26dd0d5f7d97098a6c","hash":"f30958c4dcc5b8e996f36bc8426ca61adba4f2ff"},"/home/sadasant/code/github.com/smartprocure/contexture-react/src/layout/Grid.js":{"path":"/home/sadasant/code/github.com/smartprocure/contexture-react/src/layout/Grid.js","statementMap":{"0":{"start":{"line":3,"column":18},"end":{"line":16,"column":1}},"1":{"start":{"line":4,"column":2},"end":{"line":15,"column":4}}},"fnMap":{"0":{"name":"(anonymous_0)","decl":{"start":{"line":3,"column":18},"end":{"line":3,"column":19}},"loc":{"start":{"line":4,"column":2},"end":{"line":15,"column":4}},"line":4}},"branchMap":{"0":{"loc":{"start":{"line":7,"column":10},"end":{"line":10,"column":7}},"type":"binary-expr","locations":[{"start":{"line":7,"column":10},"end":{"line":7,"column":17}},{"start":{"line":7,"column":21},"end":{"line":10,"column":7}}],"line":7},"1":{"loc":{"start":{"line":11,"column":10},"end":{"line":11,"column":33}},"type":"binary-expr","locations":[{"start":{"line":11,"column":10},"end":{"line":11,"column":13}},{"start":{"line":11,"column":17},"end":{"line":11,"column":33}}],"line":11}},"s":{"0":1,"1":0},"f":{"0":0},"b":{"0":[0,0],"1":[0,0]},"_coverageSchema":"332fd63041d2c1bcb487cc26dd0d5f7d97098a6c","hash":"d002321849369eb58a8e634283bda85b3806323b"},"/home/sadasant/code/github.com/smartprocure/contexture-react/src/layout/Modal.js":{"path":"/home/sadasant/code/github.com/smartprocure/contexture-react/src/layout/Modal.js","statementMap":{"0":{"start":{"line":5,"column":12},"end":{"line":39,"column":1}},"1":{"start":{"line":7,"column":4},"end":{"line":38,"column":5}},"2":{"start":{"line":33,"column":24},"end":{"line":33,"column":43}},"3":{"start":{"line":40,"column":0},"end":{"line":40,"column":27}}},"fnMap":{"0":{"name":"(anonymous_0)","decl":{"start":{"line":6,"column":2},"end":{"line":6,"column":3}},"loc":{"start":{"line":7,"column":4},"end":{"line":38,"column":5}},"line":7},"1":{"name":"(anonymous_1)","decl":{"start":{"line":33,"column":19},"end":{"line":33,"column":20}},"loc":{"start":{"line":33,"column":24},"end":{"line":33,"column":43}},"line":33}},"branchMap":{"0":{"loc":{"start":{"line":6,"column":23},"end":{"line":6,"column":33}},"type":"default-arg","locations":[{"start":{"line":6,"column":31},"end":{"line":6,"column":33}}],"line":6},"1":{"loc":{"start":{"line":7,"column":4},"end":{"line":38,"column":5}},"type":"binary-expr","locations":[{"start":{"line":7,"column":4},"end":{"line":7,"column":18}},{"start":{"line":8,"column":6},"end":{"line":37,"column":12}}],"line":7}},"s":{"0":1,"1":32,"2":0,"3":1},"f":{"0":32,"1":0},"b":{"0":[32],"1":[32,0]},"_coverageSchema":"332fd63041d2c1bcb487cc26dd0d5f7d97098a6c","hash":"f8dfc3a684a8164badd56cc744b54498334688d5"},"/home/sadasant/code/github.com/smartprocure/contexture-react/src/layout/SpacedList.js":{"path":"/home/sadasant/code/github.com/smartprocure/contexture-react/src/layout/SpacedList.js","statementMap":{"0":{"start":{"line":4,"column":17},"end":{"line":9,"column":15}},"1":{"start":{"line":5,"column":2},"end":{"line":9,"column":15}},"2":{"start":{"line":6,"column":4},"end":{"line":8,"column":10}},"3":{"start":{"line":10,"column":0},"end":{"line":10,"column":37}}},"fnMap":{"0":{"name":"(anonymous_0)","decl":{"start":{"line":4,"column":17},"end":{"line":4,"column":18}},"loc":{"start":{"line":5,"column":2},"end":{"line":9,"column":15}},"line":5},"1":{"name":"(anonymous_1)","decl":{"start":{"line":5,"column":9},"end":{"line":5,"column":10}},"loc":{"start":{"line":6,"column":4},"end":{"line":8,"column":10}},"line":6}},"branchMap":{"0":{"loc":{"start":{"line":4,"column":30},"end":{"line":4,"column":62}},"type":"default-arg","locations":[{"start":{"line":4,"column":38},"end":{"line":4,"column":62}}],"line":4},"1":{"loc":{"start":{"line":6,"column":16},"end":{"line":6,"column":54}},"type":"cond-expr","locations":[{"start":{"line":6,"column":44},"end":{"line":6,"column":49}},{"start":{"line":6,"column":52},"end":{"line":6,"column":54}}],"line":6}},"s":{"0":1,"1":3,"2":0,"3":1},"f":{"0":3,"1":0},"b":{"0":[3],"1":[0,0]},"_coverageSchema":"332fd63041d2c1bcb487cc26dd0d5f7d97098a6c","hash":"5f57cc4acd52c9885a8482e537e611f05ed78b45"},"/home/sadasant/code/github.com/smartprocure/contexture-react/src/layout/TextHighlight.js":{"path":"/home/sadasant/code/github.com/smartprocure/contexture-react/src/layout/TextHighlight.js","statementMap":{"0":{"start":{"line":5,"column":20},"end":{"line":10,"column":10}},"1":{"start":{"line":6,"column":2},"end":{"line":10,"column":10}},"2":{"start":{"line":9,"column":24},"end":{"line":9,"column":60}},"3":{"start":{"line":11,"column":0},"end":{"line":11,"column":43}}},"fnMap":{"0":{"name":"(anonymous_0)","decl":{"start":{"line":5,"column":20},"end":{"line":5,"column":21}},"loc":{"start":{"line":6,"column":2},"end":{"line":10,"column":10}},"line":6},"1":{"name":"(anonymous_1)","decl":{"start":{"line":9,"column":13},"end":{"line":9,"column":14}},"loc":{"start":{"line":9,"column":24},"end":{"line":9,"column":60}},"line":9}},"branchMap":{"0":{"loc":{"start":{"line":5,"column":38},"end":{"line":5,"column":48}},"type":"default-arg","locations":[{"start":{"line":5,"column":45},"end":{"line":5,"column":48}}],"line":5},"1":{"loc":{"start":{"line":6,"column":2},"end":{"line":10,"column":10}},"type":"cond-expr","locations":[{"start":{"line":7,"column":6},"end":{"line":9,"column":62}},{"start":{"line":10,"column":6},"end":{"line":10,"column":10}}],"line":6},"2":{"loc":{"start":{"line":9,"column":24},"end":{"line":9,"column":60}},"type":"cond-expr","locations":[{"start":{"line":9,"column":32},"end":{"line":9,"column":56}},{"start":{"line":9,"column":59},"end":{"line":9,"column":60}}],"line":9}},"s":{"0":1,"1":4,"2":0,"3":1},"f":{"0":4,"1":0},"b":{"0":[4],"1":[0,4],"2":[0,0]},"_coverageSchema":"332fd63041d2c1bcb487cc26dd0d5f7d97098a6c","hash":"5b76399e2c7e744b6bd83debcfca367786d1165e"},"/home/sadasant/code/github.com/smartprocure/contexture-react/src/layout/Pickers.js":{"path":"/home/sadasant/code/github.com/smartprocure/contexture-react/src/layout/Pickers.js","statementMap":{"0":{"start":{"line":8,"column":28},"end":{"line":31,"column":1}},"1":{"start":{"line":18,"column":6},"end":{"line":28,"column":12}},"2":{"start":{"line":22,"column":12},"end":{"line":24,"column":19}},"3":{"start":{"line":22,"column":45},"end":{"line":22,"column":60}},"4":{"start":{"line":26,"column":24},"end":{"line":26,"column":64}},"5":{"start":{"line":32,"column":0},"end":{"line":32,"column":45}},"6":{"start":{"line":34,"column":25},"end":{"line":59,"column":1}},"7":{"start":{"line":45,"column":6},"end":{"line":56,"column":12}},"8":{"start":{"line":50,"column":14},"end":{"line":50,"column":25}},"9":{"start":{"line":51,"column":14},"end":{"line":51,"column":29}},"10":{"start":{"line":60,"column":0},"end":{"line":60,"column":39}}},"fnMap":{"0":{"name":"(anonymous_0)","decl":{"start":{"line":10,"column":4},"end":{"line":10,"column":5}},"loc":{"start":{"line":18,"column":6},"end":{"line":28,"column":12}},"line":18},"1":{"name":"(anonymous_1)","decl":{"start":{"line":21,"column":10},"end":{"line":21,"column":11}},"loc":{"start":{"line":22,"column":12},"end":{"line":24,"column":19}},"line":22},"2":{"name":"(anonymous_2)","decl":{"start":{"line":22,"column":39},"end":{"line":22,"column":40}},"loc":{"start":{"line":22,"column":45},"end":{"line":22,"column":60}},"line":22},"3":{"name":"(anonymous_3)","decl":{"start":{"line":26,"column":19},"end":{"line":26,"column":20}},"loc":{"start":{"line":26,"column":24},"end":{"line":26,"column":64}},"line":26},"4":{"name":"(anonymous_4)","decl":{"start":{"line":36,"column":4},"end":{"line":36,"column":5}},"loc":{"start":{"line":45,"column":6},"end":{"line":56,"column":12}},"line":45},"5":{"name":"(anonymous_5)","decl":{"start":{"line":49,"column":22},"end":{"line":49,"column":23}},"loc":{"start":{"line":49,"column":27},"end":{"line":52,"column":13}},"line":49}},"branchMap":{"0":{"loc":{"start":{"line":14,"column":6},"end":{"line":14,"column":21}},"type":"default-arg","locations":[{"start":{"line":14,"column":14},"end":{"line":14,"column":21}}],"line":14},"1":{"loc":{"start":{"line":15,"column":6},"end":{"line":15,"column":18}},"type":"default-arg","locations":[{"start":{"line":15,"column":13},"end":{"line":15,"column":18}}],"line":15},"2":{"loc":{"start":{"line":16,"column":6},"end":{"line":16,"column":31}},"type":"default-arg","locations":[{"start":{"line":16,"column":18},"end":{"line":16,"column":31}}],"line":16},"3":{"loc":{"start":{"line":39,"column":6},"end":{"line":39,"column":23}},"type":"default-arg","locations":[{"start":{"line":39,"column":15},"end":{"line":39,"column":23}}],"line":39}},"s":{"0":1,"1":1,"2":3,"3":0,"4":3,"5":1,"6":1,"7":31,"8":0,"9":0,"10":1},"f":{"0":1,"1":3,"2":0,"3":3,"4":31,"5":0},"b":{"0":[1],"1":[1],"2":[1],"3":[31]},"_coverageSchema":"332fd63041d2c1bcb487cc26dd0d5f7d97098a6c","hash":"946114d5c9b90f5cd10bb7b035d7b8b7cd8c025a"},"/home/sadasant/code/github.com/smartprocure/contexture-react/src/layout/Dynamic.js":{"path":"/home/sadasant/code/github.com/smartprocure/contexture-react/src/layout/Dynamic.js","statementMap":{"0":{"start":{"line":2,"column":14},"end":{"line":2,"column":74}},"1":{"start":{"line":2,"column":53},"end":{"line":2,"column":74}},"2":{"start":{"line":3,"column":0},"end":{"line":3,"column":31}}},"fnMap":{"0":{"name":"(anonymous_0)","decl":{"start":{"line":2,"column":14},"end":{"line":2,"column":15}},"loc":{"start":{"line":2,"column":53},"end":{"line":2,"column":74}},"line":2}},"branchMap":{"0":{"loc":{"start":{"line":2,"column":28},"end":{"line":2,"column":36}},"type":"default-arg","locations":[{"start":{"line":2,"column":32},"end":{"line":2,"column":36}}],"line":2},"1":{"loc":{"start":{"line":2,"column":53},"end":{"line":2,"column":74}},"type":"binary-expr","locations":[{"start":{"line":2,"column":53},"end":{"line":2,"column":54}},{"start":{"line":2,"column":58},"end":{"line":2,"column":74}}],"line":2}},"s":{"0":1,"1":27,"2":1},"f":{"0":27},"b":{"0":[12],"1":[27,15]},"_coverageSchema":"332fd63041d2c1bcb487cc26dd0d5f7d97098a6c","hash":"393f37ea5e87e269a16b545a4591d42711c1cb9c"},"/home/sadasant/code/github.com/smartprocure/contexture-react/src/layout/BarChart.js":{"path":"/home/sadasant/code/github.com/smartprocure/contexture-react/src/layout/BarChart.js","statementMap":{"0":{"start":{"line":6,"column":12},"end":{"line":39,"column":1}},"1":{"start":{"line":7,"column":2},"end":{"line":38,"column":8}},"2":{"start":{"line":40,"column":0},"end":{"line":40,"column":27}},"3":{"start":{"line":42,"column":15},"end":{"line":83,"column":1}},"4":{"start":{"line":47,"column":23},"end":{"line":47,"column":29}},"5":{"start":{"line":53,"column":17},"end":{"line":53,"column":40}},"6":{"start":{"line":54,"column":14},"end":{"line":54,"column":27}},"7":{"start":{"line":55,"column":14},"end":{"line":55,"column":27}},"8":{"start":{"line":56,"column":4},"end":{"line":81,"column":5}},"9":{"start":{"line":64,"column":12},"end":{"line":76,"column":18}},"10":{"start":{"line":84,"column":0},"end":{"line":84,"column":33}}},"fnMap":{"0":{"name":"(anonymous_0)","decl":{"start":{"line":6,"column":12},"end":{"line":6,"column":13}},"loc":{"start":{"line":7,"column":2},"end":{"line":38,"column":8}},"line":7},"1":{"name":"(anonymous_1)","decl":{"start":{"line":43,"column":2},"end":{"line":43,"column":3}},"loc":{"start":{"line":52,"column":8},"end":{"line":82,"column":3}},"line":52},"2":{"name":"(anonymous_2)","decl":{"start":{"line":47,"column":17},"end":{"line":47,"column":18}},"loc":{"start":{"line":47,"column":23},"end":{"line":47,"column":29}},"line":47},"3":{"name":"(anonymous_3)","decl":{"start":{"line":63,"column":10},"end":{"line":63,"column":11}},"loc":{"start":{"line":64,"column":12},"end":{"line":76,"column":18}},"line":64}},"branchMap":{"0":{"loc":{"start":{"line":47,"column":4},"end":{"line":47,"column":29}},"type":"default-arg","locations":[{"start":{"line":47,"column":17},"end":{"line":47,"column":29}}],"line":47},"1":{"loc":{"start":{"line":48,"column":4},"end":{"line":48,"column":16}},"type":"default-arg","locations":[{"start":{"line":48,"column":13},"end":{"line":48,"column":16}}],"line":48},"2":{"loc":{"start":{"line":49,"column":4},"end":{"line":49,"column":23}},"type":"default-arg","locations":[{"start":{"line":49,"column":13},"end":{"line":49,"column":23}}],"line":49},"3":{"loc":{"start":{"line":50,"column":4},"end":{"line":50,"column":14}},"type":"default-arg","locations":[{"start":{"line":50,"column":13},"end":{"line":50,"column":14}}],"line":50},"4":{"loc":{"start":{"line":51,"column":4},"end":{"line":51,"column":17}},"type":"default-arg","locations":[{"start":{"line":51,"column":12},"end":{"line":51,"column":17}}],"line":51},"5":{"loc":{"start":{"line":58,"column":9},"end":{"line":61,"column":11}},"type":"binary-expr","locations":[{"start":{"line":58,"column":9},"end":{"line":58,"column":14}},{"start":{"line":59,"column":10},"end":{"line":59,"column":23}},{"start":{"line":60,"column":12},"end":{"line":60,"column":72}}],"line":58}},"s":{"0":1,"1":0,"2":1,"3":1,"4":0,"5":0,"6":0,"7":0,"8":0,"9":0,"10":1},"f":{"0":0,"1":0,"2":0,"3":0},"b":{"0":[0],"1":[0],"2":[0],"3":[0],"4":[0],"5":[0,0,0]},"_coverageSchema":"332fd63041d2c1bcb487cc26dd0d5f7d97098a6c","hash":"8b3f2a3182e0f0379230eff221edb38595abf375"},"/home/sadasant/code/github.com/smartprocure/contexture-react/src/layout/TagsInput.js":{"path":"/home/sadasant/code/github.com/smartprocure/contexture-react/src/layout/TagsInput.js","statementMap":{"0":{"start":{"line":7,"column":10},"end":{"line":21,"column":1}},"1":{"start":{"line":8,"column":2},"end":{"line":20,"column":8}},"2":{"start":{"line":16,"column":21},"end":{"line":16,"column":37}},"3":{"start":{"line":22,"column":0},"end":{"line":22,"column":23}},"4":{"start":{"line":24,"column":16},"end":{"line":95,"column":1}},"5":{"start":{"line":24,"column":30},"end":{"line":28,"column":1}},"6":{"start":{"line":39,"column":6},"end":{"line":92,"column":12}},"7":{"start":{"line":50,"column":16},"end":{"line":50,"column":79}},"8":{"start":{"line":57,"column":16},"end":{"line":57,"column":51}},"9":{"start":{"line":60,"column":16},"end":{"line":66,"column":17}},"10":{"start":{"line":64,"column":18},"end":{"line":64,"column":44}},"11":{"start":{"line":65,"column":18},"end":{"line":65,"column":41}},"12":{"start":{"line":69,"column":16},"end":{"line":69,"column":70}},"13":{"start":{"line":69,"column":62},"end":{"line":69,"column":70}},"14":{"start":{"line":70,"column":16},"end":{"line":78,"column":17}},"15":{"start":{"line":75,"column":18},"end":{"line":75,"column":44}},"16":{"start":{"line":76,"column":18},"end":{"line":76,"column":41}},"17":{"start":{"line":77,"column":18},"end":{"line":77,"column":36}},"18":{"start":{"line":79,"column":16},"end":{"line":85,"column":17}},"19":{"start":{"line":84,"column":18},"end":{"line":84,"column":41}},"20":{"start":{"line":96,"column":0},"end":{"line":96,"column":35}},"21":{"start":{"line":99,"column":20},"end":{"line":110,"column":13}},"22":{"start":{"line":100,"column":13},"end":{"line":100,"column":27}},"23":{"start":{"line":101,"column":2},"end":{"line":109,"column":3}},"24":{"start":{"line":104,"column":6},"end":{"line":104,"column":20}},"25":{"start":{"line":107,"column":6},"end":{"line":107,"column":33}},"26":{"start":{"line":111,"column":0},"end":{"line":111,"column":43}}},"fnMap":{"0":{"name":"(anonymous_0)","decl":{"start":{"line":7,"column":10},"end":{"line":7,"column":11}},"loc":{"start":{"line":8,"column":2},"end":{"line":20,"column":8}},"line":8},"1":{"name":"(anonymous_1)","decl":{"start":{"line":16,"column":15},"end":{"line":16,"column":16}},"loc":{"start":{"line":16,"column":21},"end":{"line":16,"column":37}},"line":16},"2":{"name":"(anonymous_2)","decl":{"start":{"line":24,"column":23},"end":{"line":24,"column":24}},"loc":{"start":{"line":24,"column":30},"end":{"line":28,"column":1}},"line":24},"3":{"name":"(anonymous_3)","decl":{"start":{"line":30,"column":4},"end":{"line":30,"column":5}},"loc":{"start":{"line":39,"column":6},"end":{"line":92,"column":12}},"line":39},"4":{"name":"(anonymous_4)","decl":{"start":{"line":49,"column":14},"end":{"line":49,"column":15}},"loc":{"start":{"line":50,"column":16},"end":{"line":50,"column":79}},"line":50},"5":{"name":"(anonymous_5)","decl":{"start":{"line":56,"column":24},"end":{"line":56,"column":25}},"loc":{"start":{"line":56,"column":29},"end":{"line":58,"column":15}},"line":56},"6":{"name":"(anonymous_6)","decl":{"start":{"line":59,"column":22},"end":{"line":59,"column":23}},"loc":{"start":{"line":59,"column":28},"end":{"line":67,"column":15}},"line":59},"7":{"name":"(anonymous_7)","decl":{"start":{"line":68,"column":25},"end":{"line":68,"column":26}},"loc":{"start":{"line":68,"column":30},"end":{"line":86,"column":15}},"line":68},"8":{"name":"(anonymous_8)","decl":{"start":{"line":99,"column":27},"end":{"line":99,"column":28}},"loc":{"start":{"line":99,"column":33},"end":{"line":110,"column":1}},"line":99}},"branchMap":{"0":{"loc":{"start":{"line":35,"column":6},"end":{"line":35,"column":21}},"type":"default-arg","locations":[{"start":{"line":35,"column":15},"end":{"line":35,"column":21}}],"line":35},"1":{"loc":{"start":{"line":37,"column":6},"end":{"line":37,"column":24}},"type":"default-arg","locations":[{"start":{"line":37,"column":21},"end":{"line":37,"column":24}}],"line":37},"2":{"loc":{"start":{"line":60,"column":16},"end":{"line":66,"column":17}},"type":"if","locations":[{"start":{"line":60,"column":16},"end":{"line":66,"column":17}},{"start":{"line":60,"column":16},"end":{"line":66,"column":17}}],"line":60},"3":{"loc":{"start":{"line":61,"column":18},"end":{"line":62,"column":55}},"type":"binary-expr","locations":[{"start":{"line":61,"column":18},"end":{"line":61,"column":36}},{"start":{"line":62,"column":18},"end":{"line":62,"column":55}}],"line":61},"4":{"loc":{"start":{"line":69,"column":16},"end":{"line":69,"column":70}},"type":"if","locations":[{"start":{"line":69,"column":16},"end":{"line":69,"column":70}},{"start":{"line":69,"column":16},"end":{"line":69,"column":70}}],"line":69},"5":{"loc":{"start":{"line":69,"column":20},"end":{"line":69,"column":60}},"type":"binary-expr","locations":[{"start":{"line":69,"column":20},"end":{"line":69,"column":37}},{"start":{"line":69,"column":41},"end":{"line":69,"column":60}}],"line":69},"6":{"loc":{"start":{"line":70,"column":16},"end":{"line":78,"column":17}},"type":"if","locations":[{"start":{"line":70,"column":16},"end":{"line":78,"column":17}},{"start":{"line":70,"column":16},"end":{"line":78,"column":17}}],"line":70},"7":{"loc":{"start":{"line":71,"column":18},"end":{"line":73,"column":55}},"type":"binary-expr","locations":[{"start":{"line":71,"column":19},"end":{"line":71,"column":36}},{"start":{"line":71,"column":40},"end":{"line":71,"column":55}},{"start":{"line":72,"column":18},"end":{"line":72,"column":36}},{"start":{"line":73,"column":18},"end":{"line":73,"column":55}}],"line":71},"8":{"loc":{"start":{"line":79,"column":16},"end":{"line":85,"column":17}},"type":"if","locations":[{"start":{"line":79,"column":16},"end":{"line":85,"column":17}},{"start":{"line":79,"column":16},"end":{"line":85,"column":17}}],"line":79},"9":{"loc":{"start":{"line":80,"column":18},"end":{"line":82,"column":29}},"type":"binary-expr","locations":[{"start":{"line":80,"column":18},"end":{"line":80,"column":39}},{"start":{"line":81,"column":18},"end":{"line":81,"column":37}},{"start":{"line":82,"column":18},"end":{"line":82,"column":29}}],"line":80}},"s":{"0":1,"1":0,"2":0,"3":1,"4":1,"5":0,"6":0,"7":0,"8":0,"9":0,"10":0,"11":0,"12":0,"13":0,"14":0,"15":0,"16":0,"17":0,"18":0,"19":0,"20":1,"21":1,"22":0,"23":0,"24":0,"25":0,"26":1},"f":{"0":0,"1":0,"2":0,"3":0,"4":0,"5":0,"6":0,"7":0,"8":0},"b":{"0":[0],"1":[0],"2":[0,0],"3":[0,0],"4":[0,0],"5":[0,0],"6":[0,0],"7":[0,0,0,0],"8":[0,0],"9":[0,0,0]},"_coverageSchema":"332fd63041d2c1bcb487cc26dd0d5f7d97098a6c","hash":"a75f434383eb4ccf6a11c23b683ccd46e582370f"},"/home/sadasant/code/github.com/smartprocure/contexture-react/src/layout/LensInput.js":{"path":"/home/sadasant/code/github.com/smartprocure/contexture-react/src/layout/LensInput.js","statementMap":{"0":{"start":{"line":5,"column":16},"end":{"line":7,"column":2}},"1":{"start":{"line":6,"column":2},"end":{"line":6,"column":45}},"2":{"start":{"line":8,"column":0},"end":{"line":8,"column":35}}},"fnMap":{"0":{"name":"(anonymous_0)","decl":{"start":{"line":5,"column":25},"end":{"line":5,"column":26}},"loc":{"start":{"line":6,"column":2},"end":{"line":6,"column":45}},"line":6}},"branchMap":{},"s":{"0":1,"1":1,"2":1},"f":{"0":1},"b":{},"_coverageSchema":"332fd63041d2c1bcb487cc26dd0d5f7d97098a6c","hash":"d0332c5479a8454128d36d6c4ac66a7ac68f3af3"},"/home/sadasant/code/github.com/smartprocure/contexture-react/src/layout/ExpandableTable.js":{"path":"/home/sadasant/code/github.com/smartprocure/contexture-react/src/layout/ExpandableTable.js","statementMap":{"0":{"start":{"line":7,"column":20},"end":{"line":7,"column":30}},"1":{"start":{"line":8,"column":0},"end":{"line":8,"column":29}},"2":{"start":{"line":10,"column":22},"end":{"line":22,"column":1}},"3":{"start":{"line":12,"column":4},"end":{"line":21,"column":5}},"4":{"start":{"line":24,"column":21},"end":{"line":46,"column":1}},"5":{"start":{"line":25,"column":14},"end":{"line":43,"column":3}},"6":{"start":{"line":28,"column":16},"end":{"line":28,"column":32}},"7":{"start":{"line":29,"column":25},"end":{"line":29,"column":43}},"8":{"start":{"line":31,"column":6},"end":{"line":41,"column":7}},"9":{"start":{"line":32,"column":8},"end":{"line":38,"column":10}},"10":{"start":{"line":40,"column":8},"end":{"line":40,"column":34}},"11":{"start":{"line":45,"column":2},"end":{"line":45,"column":14}},"12":{"start":{"line":48,"column":16},"end":{"line":97,"column":1}},"13":{"start":{"line":50,"column":4},"end":{"line":95,"column":12}},"14":{"start":{"line":53,"column":10},"end":{"line":91,"column":27}},"15":{"start":{"line":56,"column":41},"end":{"line":56,"column":42}},"16":{"start":{"line":57,"column":18},"end":{"line":79,"column":23}},"17":{"start":{"line":64,"column":24},"end":{"line":64,"column":74}},"18":{"start":{"line":99,"column":17},"end":{"line":110,"column":2}},"19":{"start":{"line":99,"column":37},"end":{"line":110,"column":
[...]
art":{"line":109,"column":5},"end":{"line":109,"column":6}},"loc":{"start":{"line":110,"column":6},"end":{"line":165,"column":17}},"line":110},"4":{"name":"(anonymous_4)","decl":{"start":{"line":121,"column":28},"end":{"line":121,"column":29}},"loc":{"start":{"line":121,"column":33},"end":{"line":125,"column":19}},"line":121}},"branchMap":{"0":{"loc":{"start":{"line":127,"column":17},"end":{"line":129,"column":17}},"type":"binary-expr","locations":[{"start":{"line":127,"column":17},"end":{"line":127,"column":34}},{"start":{"line":128,"column":18},"end":{"line":128,"column":70}}],"line":127}},"s":{"0":1,"1":1,"2":0,"3":1,"4":1,"5":1,"6":1,"7":0,"8":1,"9":1,"10":1,"11":0,"12":0,"13":0,"14":0},"f":{"0":0,"1":0,"2":1,"3":0,"4":0},"b":{"0":[0,0]},"_coverageSchema":"332fd63041d2c1bcb487cc26dd0d5f7d97098a6c","hash":"7ea3d4b84b1c4c51e13dd3077314da9d1cecb405"},"/home/sadasant/code/github.com/smartprocure/contexture-react/stories/imdb/stories/greyVest.js":{"path":"/home/sadasant/code/github.com/smartprocure/contexture-react/stories/imdb/stories/greyVest.js","statementMap":{"0":{"start":{"line":31,"column":4},"end":{"line":31,"column":16}},"1":{"start":{"line":33,"column":11},"end":{"line":98,"column":2}},"2":{"start":{"line":99,"column":0},"end":{"line":99,"column":29}},"3":{"start":{"line":101,"column":12},"end":{"line":103,"column":2}},"4":{"start":{"line":105,"column":11},"end":{"line":105,"column":45}},"5":{"start":{"line":105,"column":22},"end":{"line":105,"column":44}},"6":{"start":{"line":106,"column":14},"end":{"line":125,"column":1}},"7":{"start":{"line":114,"column":28},"end":{"line":114,"column":68}},"8":{"start":{"line":124,"column":22},"end":{"line":124,"column":44}},"9":{"start":{"line":128,"column":2},"end":{"line":225,"column":8}},"10":{"start":{"line":133,"column":8},"end":{"line":222,"column":19}},"11":{"start":{"line":174,"column":20},"end":{"line":174,"column":49}},"12":{"start":{"line":175,"column":20},"end":{"line":175,"column":44}},"13":{"start":{"line":201,"column":22},"end":{"line":201,"column":51}},"14":{"start":{"line":202,"column":22},"end":{"line":202,"column":46}}},"fnMap":{"0":{"name":"(anonymous_0)","decl":{"start":{"line":105,"column":17},"end":{"line":105,"column":18}},"loc":{"start":{"line":105,"column":22},"end":{"line":105,"column":44}},"line":105},"1":{"name":"(anonymous_1)","decl":{"start":{"line":114,"column":23},"end":{"line":114,"column":24}},"loc":{"start":{"line":114,"column":28},"end":{"line":114,"column":68}},"line":114},"2":{"name":"(anonymous_2)","decl":{"start":{"line":124,"column":16},"end":{"line":124,"column":17}},"loc":{"start":{"line":124,"column":22},"end":{"line":124,"column":44}},"line":124},"3":{"name":"(anonymous_3)","decl":{"start":{"line":127,"column":15},"end":{"line":127,"column":16}},"loc":{"start":{"line":128,"column":2},"end":{"line":225,"column":8}},"line":128},"4":{"name":"(anonymous_4)","decl":{"start":{"line":132,"column":7},"end":{"line":132,"column":8}},"loc":{"start":{"line":133,"column":8},"end":{"line":222,"column":19}},"line":133},"5":{"name":"(anonymous_5)","decl":{"start":{"line":173,"column":28},"end":{"line":173,"column":29}},"loc":{"start":{"line":173,"column":35},"end":{"line":176,"column":19}},"line":173},"6":{"name":"(anonymous_6)","decl":{"start":{"line":200,"column":30},"end":{"line":200,"column":31}},"loc":{"start":{"line":200,"column":37},"end":{"line":203,"column":21}},"line":200}},"branchMap":{"0":{"loc":{"start":{"line":178,"column":17},"end":{"line":182,"column":17}},"type":"binary-expr","locations":[{"start":{"line":178,"column":17},"end":{"line":178,"column":34}},{"start":{"line":179,"column":18},"end":{"line":181,"column":27}}],"line":178}},"s":{"0":1,"1":1,"2":1,"3":1,"4":1,"5":0,"6":1,"7":0,"8":0,"9":1,"10":0,"11":0,"12":0,"13":0,"14":0},"f":{"0":0,"1":0,"2":0,"3":1,"4":0,"5":0,"6":0},"b":{"0":[0,0]},"_coverageSchema":"332fd63041d2c1bcb487cc26dd0d5f7d97098a6c","hash":"cf851650294d938f405d515df07065d32f722b8f"},"/home/sadasant/code/github.com/smartprocure/contexture-react/stories/explorer/index.js":{"path":"/home/sadasant/code/github.com/smartprocure/contexture-react/stories/explorer/index.js","statementMap":{"0":{"start":{"line":5,"column":2},"end":{"line":7,"column":59}}},"fnMap":{"0":{"name":"(anonymous_0)","decl":{"start":{"line":4,"column":15},"end":{"line":4,"column":16}},"loc":{"start":{"line":5,"column":2},"end":{"line":7,"column":59}},"line":5}},"branchMap":{},"s":{"0":1},"f":{"0":1},"b":{},"_coverageSchema":"332fd63041d2c1bcb487cc26dd0d5f7d97098a6c","hash":"16bbedbd4469542055da8409d4c7c63f1e73b173"},"/home/sadasant/code/github.com/smartprocure/contexture-react/stories/explorer/advanced.js":{"path":"/home/sadasant/code/github.com/smartprocure/contexture-react/stories/explorer/advanced.js","statementMap":{"0":{"start":{"line":10,"column":44},"end":{"line":10,"column":56}},"1":{"start":{"line":14,"column":12},"end":{"line":20,"column":2}},"2":{"start":{"line":21,"column":11},"end":{"line":23,"column":1}},"3":{"start":{"line":22,"column":2},"end":{"line":22,"column":69}},"4":{"start":{"line":24,"column":11},"end":{"line":27,"column":1}},"5":{"start":{"line":25,"column":2},"end":{"line":25,"column":56}},"6":{"start":{"line":26,"column":2},"end":{"line":26,"column":22}},"7":{"start":{"line":29,"column":19},"end":{"line":49,"column":1}},"8":{"start":{"line":30,"column":2},"end":{"line":48,"column":4}},"9":{"start":{"line":51,"column":15},"end":{"line":59,"column":1}},"10":{"start":{"line":52,"column":2},"end":{"line":52,"column":18}},"11":{"start":{"line":53,"column":2},"end":{"line":58,"column":3}},"12":{"start":{"line":55,"column":6},"end":{"line":55,"column":32}},"13":{"start":{"line":56,"column":6},"end":{"line":56,"column":14}},"14":{"start":{"line":61,"column":0},"end":{"line":61,"column":51}},"15":{"start":{"line":63,"column":12},"end":{"line":63,"column":70}},"16":{"start":{"line":63,"column":27},"end":{"line":63,"column":70}},"17":{"start":{"line":65,"column":12},"end":{"line":123,"column":2}},"18":{"start":{"line":66,"column":26},"end":{"line":66,"column":31}},"19":{"start":{"line":67,"column":2},"end":{"line":122,"column":3}},"20":{"start":{"line":69,"column":46},"end":{"line":69,"column":70}},"21":{"start":{"line":73,"column":12},"end":{"line":117,"column":13}},"22":{"start":{"line":77,"column":33},"end":{"line":77,"column":61}},"23":{"start":{"line":81,"column":22},"end":{"line":81,"column":50}},"24":{"start":{"line":97,"column":24},"end":{"line":97,"column":58}},"25":{"start":{"line":125,"column":21},"end":{"line":125,"column":30}}},"fnMap":{"0":{"name":"(anonymous_0)","decl":{"start":{"line":21,"column":11},"end":{"line":21,"column":12}},"loc":{"start":{"line":21,"column":17},"end":{"line":23,"column":1}},"line":21},"1":{"name":"(anonymous_1)","decl":{"start":{"line":24,"column":11},"end":{"line":24,"column":12}},"loc":{"start":{"line":24,"column":17},"end":{"line":27,"column":1}},"line":24},"2":{"name":"(anonymous_2)","decl":{"start":{"line":29,"column":19},"end":{"line":29,"column":20}},"loc":{"start":{"line":29,"column":29},"end":{"line":49,"column":1}},"line":29},"3":{"name":"(anonymous_3)","decl":{"start":{"line":51,"column":15},"end":{"line":51,"column":16}},"loc":{"start":{"line":51,"column":23},"end":{"line":59,"column":1}},"line":51},"4":{"name":"(anonymous_4)","decl":{"start":{"line":54,"column":32},"end":{"line":54,"column":33}},"loc":{"start":{"line":54,"column":37},"end":{"line":57,"column":5}},"line":54},"5":{"name":"(anonymous_5)","decl":{"start":{"line":63,"column":12},"end":{"line":63,"column":13}},"loc":{"start":{"line":63,"column":27},"end":{"line":63,"column":70}},"line":63},"6":{"name":"(anonymous_6)","decl":{"start":{"line":65,"column":21},"end":{"line":65,"column":22}},"loc":{"start":{"line":65,"column":27},"end":{"line":123,"column":1}},"line":65},"7":{"name":"(anonymous_7)","decl":{"start":{"line":69,"column":41},"end":{"line":69,"column":42}},"loc":{"start":{"line":69,"column":46},"end":{"line":69,"column":70}},"line":69},"8":{"name":"(anonymous_8)","decl":{"start":{"line":72,"column":11},"end":{"line":72,"column":12}},"loc":{"start":{"line":73,"column":12},"end":{"line":117,"column":13}},"line":73},"9":{"name":"(anonymous_9)","decl":{"start":{"line":77,"column":28},"end":{"line":77,"column":29}},"loc":{"start":{"line":77,"column":33},"end":{"line":77,"column":61}},"line":77},"10":{"name":"(anonymous_10)","decl":{"start":{"line":80,"column":20},"end":{"line":80,"column":21}},"loc":{"start":{"line":81,"column":22},"end":{"line":81,"column":50}},"line":81},"11":{"name":"(anonymous_11)","decl":{"start":{"line":96,"column":32},"end":{"line":96,"column":33}},"loc":{"start":{"line":96,"column":37},"end":{"line":98,"column":23}},"line":96},"12":{"name":"(anonymous_12)","decl":{"start":{"line":125,"column":15},"end":{"line":125,"column":16}},"loc":{"start":{"line":125,"column":21},"end":{"line":125,"column":30}},"line":125}},"branchMap":{"0":{"loc":{"start":{"line":70,"column":7},"end":{"line":120,"column":7}},"type":"binary-expr","locations":[{"start":{"line":70,"column":7},"end":{"line":70,"column":14}},{"start":{"line":71,"column":8},"end":{"line":119,"column":18}}],"line":70},"1":{"loc":{"start":{"line":73,"column":12},"end":{"line":117,"column":13}},"type":"binary-expr","locations":[{"start":{"line":73,"column":12},"end":{"line":73,"column":38}},{"start":{"line":74,"column":14},"end":{"line":116,"column":20}}],"line":73},"2":{"loc":{"start":{"line":89,"column":19},"end":{"line":89,"column":52}},"type":"cond-expr","locations":[{"start":{"line":89,"column":37},"end":{"line":89,"column":43}},{"start":{"line":89,"column":46},"end":{"line":89,"column":52}}],"line":89},"3":{"loc":{"start":{"line":91,"column":17},"end":{"line":102,"column":17}},"type":"binary-expr","locations":[{"start":{"line":91,"column":17},"end":{"line":91,"column":32}},{"start":{"line":92,"column":18},"end":{"line":101,"column":25}}],"line":91}},"s":{"0":1,"1":1,"2":1,"3":0,"4":1,"5":0,"6":0,"7":1,"8":0,"9":1,"10":1,"11":1,"12":0,"13":0,"14":1,"15":1,"16":0,"17":1,"18":1,"19":1,"20":0,"21":0,"22":0,"23":0,"24":0,"25":1},"f":{"0":0,"1":0,"2":0,"3":1,"4":0,"5":0,"6":1,"7":0,"8":0,"9":0,"10":0,"11":0,"12":1},"b":{"0":[1,1],"1":[0,0],"2":[0,0],"3":[0,0]},"_coverageSchema":"332fd63041d2c1bcb487cc26dd0d5f7d97098a6c","hash":"4c75c59ae4d220254015956e3cb6aede47ed99e9"},"/home/sadasant/code/github.com/smartprocure/contexture-react/stories/explorer/contexture.js":{"path":"/home/sadasant/code/github.com/smartprocure/contexture-react/stories/explorer/contexture.js","statementMap":{"0":{"start":{"line":10,"column":16},"end":{"line":10,"column":30}},"1":{"start":{"line":11,"column":26},"end":{"line":14,"column":1}},"2":{"start":{"line":12,"column":2},"end":{"line":12,"column":42}},"3":{"start":{"line":13,"column":2},"end":{"line":13,"column":24}},"4":{"start":{"line":15,"column":28},"end":{"line":18,"column":2}},"5":{"start":{"line":16,"column":19},"end":{"line":16,"column":28}},"6":{"start":{"line":20,"column":21},"end":{"line":20,"column":23}},"7":{"start":{"line":21,"column":27},"end":{"line":28,"column":1}},"8":{"start":{"line":22,"column":2},"end":{"line":22,"column":59}},"9":{"start":{"line":23,"column":15},"end":{"line":25,"column":3}},"10":{"start":{"line":26,"column":2},"end":{"line":26,"column":28}},"11":{"start":{"line":27,"column":2},"end":{"line":27,"column":15}}},"fnMap":{"0":{"name":"(anonymous_0)","decl":{"start":{"line":11,"column":26},"end":{"line":11,"column":27}},"loc":{"start":{"line":11,"column":36},"end":{"line":14,"column":1}},"line":11},"1":{"name":"(anonymous_1)","decl":{"start":{"line":16,"column":13},"end":{"line":16,"column":14}},"loc":{"start":{"line":16,"column":19},"end":{"line":16,"column":28}},"line":16},"2":{"name":"(anonymous_2)","decl":{"start":{"line":21,"column":27},"end":{"line":21,"column":28}},"loc":{"start":{"line":21,"column":39},"end":{"line":28,"column":1}},"line":21}},"branchMap":{},"s":{"0":1,"1":1,"2":2,"3":2,"4":1,"5":2,"6":1,"7":1,"8":2,"9":2,"10":0,"11":0},"f":{"0":2,"1":2,"2":2},"b":{},"_coverageSchema":"332fd63041d2c1bcb487cc26dd0d5f7d97098a6c","hash":"79868044ba025fbc9c60a640fe2b01d96f0ea550"},"/home/sadasant/code/github.com/smartprocure/contexture-react/stories/explorer/basic.js":{"path":"/home/sadasant/code/github.com/smartprocure/contexture-react/stories/explorer/basic.js","statementMap":{"0":{"start":{"line":10,"column":44},"end":{"line":10,"column":56}},"1":{"start":{"line":14,"column":12},"end":{"line":21,"column":2}},"2":{"start":{"line":22,"column":11},"end":{"line":24,"column":1}},"3":{"start":{"line":23,"column":2},"end":{"line":23,"column":69}},"4":{"start":{"line":25,"column":11},"end":{"line":31,"column":1}},"5":{"start":{"line":26,"column":2},"end":{"line":26,"column":56}},"6":{"start":{"line":27,"column":2},"end":{"line":27,"column":22}},"7":{"start":{"line":28,"column":2},"end":{"line":30,"column":4}},"8":{"start":{"line":29,"column":4},"end":{"line":29,"column":56}},"9":{"start":{"line":33,"column":19},"end":{"line":53,"column":1}},"10":{"start":{"line":34,"column":2},"end":{"line":52,"column":4}},"11":{"start":{"line":55,"column":14},"end":{"line":59,"column":1}},"12":{"start":{"line":60,"column":22},"end":{"line":67,"column":2}},"13":{"start":{"line":61,"column":2},"end":{"line":66,"column":19}},"14":{"start":{"line":62,"column":4},"end":{"line":65,"column":13}},"15":{"start":{"line":63,"column":21},"end":{"line":63,"column":53}},"16":{"start":{"line":64,"column":6},"end":{"line":64,"column":40}},"17":{"start":{"line":69,"column":15},"end":{"line":77,"column":1}},"18":{"start":{"line":70,"column":2},"end":{"line":70,"column":18}},"19":{"start":{"line":71,"column":2},"end":{"line":76,"column":3}},"20":{"start":{"line":73,"column":6},"end":{"line":73,"column":32}},"21":{"start":{"line":74,"column":6},"end":{"line":74,"column":14}},"22":{"start":{"line":79,"column":0},"end":{"line":79,"column":51}},"23":{"start":{"line":81,"column":12},"end":{"line":81,"column":70}},"24":{"start":{"line":81,"column":27},"end":{"line":81,"column":70}},"25":{"start":{"line":83,"column":14},"end":{"line":87,"column":1}},"26":{"start":{"line":88,"column":15},"end":{"line":93,"column":1}},"27":{"start":{"line":95,"column":12},"end":{"line":187,"column":2}},"28":{"start":{"line":96,"column":26},"end":{"line":96,"column":31}},"29":{"start":{"line":97,"column":2},"end":{"line":186,"column":3}},"30":{"start":{"line":99,"column":46},"end":{"line":99,"column":70}},"31":{"start":{"line":103,"column":12},"end":{"line":181,"column":13}},"32":{"start":{"line":108,"column":35},"end":{"line":108,"column":63}},"33":{"start":{"line":112,"column":24},"end":{"line":112,"column":52}},"34":{"start":{"line":130,"column":26},"end":{"line":130,"column":60}},"35":{"start":{"line":139,"column":24},"end":{"line":139,"column":68}},"36":{"start":{"line":189,"column":21},"end":{"line":189,"column":30}}},"fnMap":{"0":{"name":"(anonymous_0)","decl":{"start":{"line":22,"column":11},"end":{"line":22,"column":12}},"loc":{"start":{"line":22,"column":17},"end":{"line":24,"column":1}},"line":22},"1":{"name":"(anonymous_1)","decl":{"start":{"line":25,"column":11},"end":{"line":25,"column":12}},"loc":{"start":{"line":25,"column":17},"end":{"line":31,"column":1}},"line":25},"2":{"name":"(anonymous_2)","decl":{"start":{"line":28,"column":21},"end":{"line":28,"column":22}},"loc":{"start":{"line":28,"column":32},"end":{"line":30,"column":3}},"line":28},"3":{"name":"(anonymous_3)","decl":{"start":{"line":33,"column":19},"end":{"line":33,"column":20}},"loc":{"start":{"line":33,"column":29},"end":{"line":53,"column":1}},"line":33},"4":{"name":"(anonymous_4)","decl":{"start":{"line":60,"column":29},"end":{"line":60,"column":30}},"loc":{"start":{"line":60,"column":39},"end":{"line":67,"column":1}},"line":60},"5":{"name":"(anonymous_5)","decl":{"start":{"line":61,"column":9},"end":{"line":61,"column":10}},"loc":{"start":{"line":61,"column":18},"end":{"line":66,"column":3}},"line":61},"6":{"name":"(anonymous_6)","decl":{"start":{"line":62,"column":18},"end":{"line":62,"column":19}},"loc":{"start":{"line":62,"column":38},"end":{"line":65,"column":5}},"line":62},"7":{"name":"(anonymous_7)","decl":{"start":{"line":69,"column":15},"end":{"line":69,"column":16}},"loc":{"start":{"line":69,"column":23},"end":{"line":77,"column":1}},"line":69},"8":{"name":"(anonymous_8)","decl":{"start":{"line":72,"column":32},"end":{"line":72,"column":33}},"loc":{"start":{"line":72,"column":37},"end":{"line":75,"column":5}},"line":72},"9":{"name":"(anonymous_9)","decl":{"start":{"line":81,"column":12},"end":{"line":81,"column":13}},"loc":{"start":{"line":81,"column":27},"end":{"line":81,"column":70}},"line":81},"10":{"name":"(anonymous_10)","decl":{"start":{"line":95,"column":21},"end":{"line":95,"column":22}},"loc":{"start":{"line":95,"column":27},"end":{"line":187,"column":1}},"line":95},"11":{"name":"(anonymous_11)","decl":{"start":{"line":99,"column":41},"end":{"line":99,"column":42}},"loc":{"start":{"line":99,"column":46},"end":{"line":99,"column":70}},"line":99},"12":{"name":"(anonymous_12)","decl":{"start":{"line":102,"column":11},"end":{"line":102,"column":12}},"loc":{"start":{"line":103,"column":12},"end":{"line":181,"column":13}},"line":103},"13":{"name":"(anonymous_13)","decl":{"start":{"line":108,"column":30},"end":{"line":108,"column":31}},"loc":{"start":{"line":108,"column":35},"end":{"line":108,"column":63}},"line":108},"14":{"name":"(anonymous_14)","decl":{"start":{"line":111,"column":22},"end":{"line":111,"column":23}},"loc":{"start":{"line":112,"column":24},"end":{"line":112,"column":52}},"line":112},"15":{"name":"(anonymous_15)","decl":{"start":{"line":129,"column":34},"end":{"line":129,"column":35}},"loc":{"start":{"line":129,"column":39},"end":{"line":131,"column":25}},"line":129},"16":{"name":"(anonymous_16)","decl":{"start":{"line":138,"column":32},"end":{"line":138,"column":33}},"loc":{"start":{"line":138,"column":37},"end":{"line":140,"column":23}},"line":138},"17":{"name":"(anonymous_17)","decl":{"start":{"line":189,"column":15},"end":{"line":189,"column":16}},"loc":{"start":{"line":189,"column":21},"end":{"line":189,"column":30}},"line":189}},"branchMap":{"0":{"loc":{"start":{"line":64,"column":24},"end":{"line":64,"column":40}},"type":"binary-expr","locations":[{"start":{"line":64,"column":24},"end":{"line":64,"column":32}},{"start":{"line":64,"column":36},"end":{"line":64,"column":40}}],"line":64},"1":{"loc":{"start":{"line":100,"column":7},"end":{"line":184,"column":7}},"type":"binary-expr","locations":[{"start":{"line":100,"column":7},"end":{"line":100,"column":14}},{"start":{"line":101,"column":8},"end":{"line":183,"column":18}}],"line":100},"2":{"loc":{"start":{"line":103,"column":12},"end":{"line":181,"column":13}},"type":"binary-expr","locations":[{"start":{"line":103,"column":12},"end":{"line":103,"column":38}},{"start":{"line":104,"column":14},"end":{"line":180,"column":20}}],"line":103},"3":{"loc":{"start":{"line":120,"column":21},"end":{"line":120,"column":54}},"type":"cond-expr","locations":[{"start":{"line":120,"column":39},"end":{"line":120,"column":45}},{"start":{"line":120,"column":48},"end":{"line":120,"column":54}}],"line":120},"4":{"loc":{"start":{"line":123,"column":17},"end":{"line":149,"column":17}},"type":"binary-expr","locations":[{"start":{"line":123,"column":17},"end":{"line":123,"column":32}},{"start":{"line":124,"column":18},"end":{"line":148,"column":24}}],"line":123}},"s":{"0":1,"1":1,"2":1,"3":0,"4":1,"5":0,"6":0,"7":0,"8":0,"9":1,"10":0,"11":1,"12":1,"13":0,"14":0,"15":0,"16":0,"17":1,"18":1,"19":1,"20":0,"21":0,"22":1,"23":1,"24":0,"25":1,"26":1,"27":1,"28":1,"29":1,"30":0,"31":0,"32":0,"33":0,"34":0,"35":0,"36":1},"f":{"0":0,"1":0,"2":0,"3":0,"4":0,"5":0,"6":0,"7":1,"8":0,"9":0,"10":1,"11":0,"12":0,"13":0,"14":0,"15":0,"16":0,"17":1},"b":{"0":[0,0],"1":[1,1],"2":[0,0],"3":[0,0],"4":[0,0]},"_coverageSchema":"332fd63041d2c1bcb487cc26dd0d5f7d97098a6c","hash":"a8d36a182f82506ca03909ecb8e8b8f68e3774ba"}}}